2024-08-05T10:41:03.487Z [Modules] Modules initializing
2024-08-05T10:41:03.487Z [Modules] Distribution: remote
2024-08-05T10:41:03.487Z [Modules] Host updates: disabled
2024-08-05T10:41:03.487Z [Modules] Module updates: enabled
2024-08-05T10:41:03.487Z [Modules] Module install path: /home/lincolnh/.config/discord/0.0.61/modules
2024-08-05T10:41:03.488Z [Modules] Module installed file path: /home/lincolnh/.config/discord/0.0.61/modules/installed.json
2024-08-05T10:41:03.488Z [Modules] Module download path: /home/lincolnh/.config/discord/0.0.61/modules/pending
2024-08-05T10:41:04.500Z [Modules] Bootstrapping...
2024-08-05T10:41:04.501Z [Modules] Installing discord_desktop_core@0 from /nix/store/d8xh2bm9arvzyqb8fw0fzgb8wcvd075x-discord-0.0.61/opt/Discord/resources/bootstrap/discord_desktop_core.zip
2024-08-05T10:41:04.503Z [Modules] Failed installing discord_desktop_core@0: Error: ENOENT: no such file or directory, open '/nix/store/d8xh2bm9arvzyqb8fw0fzgb8wcvd075x-discord-0.0.61/opt/Discord/resources/bootstrap/discord_desktop_core.zip'
2024-08-05T10:41:04.504Z [Modules] Installing discord_erlpack@0 from /nix/store/d8xh2bm9arvzyqb8fw0fzgb8wcvd075x-discord-0.0.61/opt/Discord/resources/bootstrap/discord_erlpack.zip
2024-08-05T10:41:04.505Z [Modules] Failed installing discord_erlpack@0: Error: ENOENT: no such file or directory, open '/nix/store/d8xh2bm9arvzyqb8fw0fzgb8wcvd075x-discord-0.0.61/opt/Discord/resources/bootstrap/discord_erlpack.zip'
2024-08-05T10:41:04.506Z [Modules] Installing discord_spellcheck@0 from /nix/store/d8xh2bm9arvzyqb8fw0fzgb8wcvd075x-discord-0.0.61/opt/Discord/resources/bootstrap/discord_spellcheck.zip
2024-08-05T10:41:04.506Z [Modules] Failed installing discord_spellcheck@0: Error: ENOENT: no such file or directory, open '/nix/store/d8xh2bm9arvzyqb8fw0fzgb8wcvd075x-discord-0.0.61/opt/Discord/resources/bootstrap/discord_spellcheck.zip'
2024-08-05T10:41:04.514Z [Modules] Installing discord_utils@0 from /nix/store/d8xh2bm9arvzyqb8fw0fzgb8wcvd075x-discord-0.0.61/opt/Discord/resources/bootstrap/discord_utils.zip
2024-08-05T10:41:04.515Z [Modules] Failed installing discord_utils@0: Error: ENOENT: no such file or directory, open '/nix/store/d8xh2bm9arvzyqb8fw0fzgb8wcvd075x-discord-0.0.61/opt/Discord/resources/bootstrap/discord_utils.zip'
2024-08-05T10:41:04.515Z [Modules] Installing discord_voice@0 from /nix/store/d8xh2bm9arvzyqb8fw0fzgb8wcvd075x-discord-0.0.61/opt/Discord/resources/bootstrap/discord_voice.zip
2024-08-05T10:41:04.515Z [Modules] Failed installing discord_voice@0: Error: ENOENT: no such file or directory, open '/nix/store/d8xh2bm9arvzyqb8fw0fzgb8wcvd075x-discord-0.0.61/opt/Discord/resources/bootstrap/discord_voice.zip'
2024-08-05T10:41:04.516Z [Modules] Installing discord_zstd@0 from /nix/store/d8xh2bm9arvzyqb8fw0fzgb8wcvd075x-discord-0.0.61/opt/Discord/resources/bootstrap/discord_zstd.zip
2024-08-05T10:41:04.516Z [Modules] Failed installing discord_zstd@0: Error: ENOENT: no such file or directory, open '/nix/store/d8xh2bm9arvzyqb8fw0fzgb8wcvd075x-discord-0.0.61/opt/Discord/resources/bootstrap/discord_zstd.zip'
2024-08-05T10:41:04.516Z [Modules] Finished module installations. [success: 0] [failure: 6]
2024-08-05T10:41:04.516Z [Modules] Host is up to date.
2024-08-05T10:41:04.517Z [Modules] Checking for module updates at https://discord.com/api/modules/stable/versions.json
2024-08-05T10:41:04.627Z [Modules] Module update available: discord_desktop_core@1 [installed: 0]
2024-08-05T10:41:04.627Z [Modules] Module update available: discord_erlpack@1 [installed: 0]
2024-08-05T10:41:04.627Z [Modules] Module update available: discord_spellcheck@1 [installed: 0]
2024-08-05T10:41:04.627Z [Modules] Module update available: discord_utils@1 [installed: 0]
2024-08-05T10:41:04.627Z [Modules] Module update available: discord_voice@1 [installed: 0]
2024-08-05T10:41:04.627Z [Modules] Module update available: discord_zstd@1 [installed: 0]
2024-08-05T10:41:04.628Z [Modules] Fetching discord_desktop_core@1 from https://discord.com/api/modules/stable/discord_desktop_core/1
2024-08-05T10:41:04.628Z [Modules] Streaming discord_desktop_core@1 to /home/lincolnh/.config/discord/0.0.61/modules/pending/discord_desktop_core-1.zip
2024-08-05T10:41:05.735Z [Modules] Streaming discord_desktop_core@1 to /home/lincolnh/.config/discord/0.0.61/modules/pending/discord_desktop_core-1.zip: 2%
2024-08-05T10:41:05.880Z [Modules] Streaming discord_desktop_core@1 to /home/lincolnh/.config/discord/0.0.61/modules/pending/discord_desktop_core-1.zip: 4%
2024-08-05T10:41:06.025Z [Modules] Streaming discord_desktop_core@1 to /home/lincolnh/.config/discord/0.0.61/modules/pending/discord_desktop_core-1.zip: 7%
2024-08-05T10:41:06.030Z [Modules] Streaming discord_desktop_core@1 to /home/lincolnh/.config/discord/0.0.61/modules/pending/discord_desktop_core-1.zip: 8%
2024-08-05T10:41:06.032Z [Modules] Streaming discord_desktop_core@1 to /home/lincolnh/.config/discord/0.0.61/modules/pending/discord_desktop_core-1.zip: 9%
2024-08-05T10:41:06.037Z [Modules] Streaming discord_desktop_core@1 to /home/lincolnh/.config/discord/0.0.61/modules/pending/discord_desktop_core-1.zip: 10%
2024-08-05T10:41:06.041Z [Modules] Streaming discord_desktop_core@1 to /home/lincolnh/.config/discord/0.0.61/modules/pending/discord_desktop_core-1.zip: 11%
2024-08-05T10:41:06.163Z [Modules] Streaming discord_desktop_core@1 to /home/lincolnh/.config/discord/0.0.61/modules/pending/discord_desktop_core-1.zip: 12%
2024-08-05T10:41:06.167Z [Modules] Streaming discord_desktop_core@1 to /home/lincolnh/.config/discord/0.0.61/modules/pending/discord_desktop_core-1.zip: 13%
2024-08-05T10:41:06.170Z [Modules] Streaming discord_desktop_core@1 to /home/lincolnh/.config/discord/0.0.61/modules/pending/discord_desktop_core-1.zip: 14%
2024-08-05T10:41:06.174Z [Modules] Streaming discord_desktop_core@1 to /home/lincolnh/.config/discord/0.0.61/modules/pending/discord_desktop_core-1.zip: 15%
2024-08-05T10:41:06.177Z [Modules] Streaming discord_desktop_core@1 to /home/lincolnh/.config/discord/0.0.61/modules/pending/discord_desktop_core-1.zip: 16%
2024-08-05T10:41:06.182Z [Modules] Streaming discord_desktop_core@1 to /home/lincolnh/.config/discord/0.0.61/modules/pending/discord_desktop_core-1.zip: 17%
2024-08-05T10:41:06.184Z [Modules] Streaming discord_desktop_core@1 to /home/lincolnh/.config/discord/0.0.61/modules/pending/discord_desktop_core-1.zip: 18%
2024-08-05T10:41:06.189Z [Modules] Streaming discord_desktop_core@1 to /home/lincolnh/.config/discord/0.0.61/modules/pending/discord_desktop_core-1.zip: 19%
2024-08-05T10:41:06.194Z [Modules] Streaming discord_desktop_core@1 to /home/lincolnh/.config/discord/0.0.61/modules/pending/discord_desktop_core-1.zip: 20%
2024-08-05T10:41:06.196Z [Modules] Streaming discord_desktop_core@1 to /home/lincolnh/.config/discord/0.0.61/modules/pending/discord_desktop_core-1.zip: 21%
2024-08-05T10:41:06.201Z [Modules] Streaming discord_desktop_core@1 to /home/lincolnh/.config/discord/0.0.61/modules/pending/discord_desktop_core-1.zip: 22%
2024-08-05T10:41:06.204Z [Modules] Streaming discord_desktop_core@1 to /home/lincolnh/.config/discord/0.0.61/modules/pending/discord_desktop_core-1.zip: 23%
2024-08-05T10:41:06.208Z [Modules] Streaming discord_desktop_core@1 to /home/lincolnh/.config/discord/0.0.61/modules/pending/discord_desktop_core-1.zip: 24%
2024-08-05T10:41:06.210Z [Modules] Streaming discord_desktop_core@1 to /home/lincolnh/.config/discord/0.0.61/modules/pending/discord_desktop_core-1.zip: 25%
2024-08-05T10:41:06.215Z [Modules] Streaming discord_desktop_core@1 to /home/lincolnh/.config/discord/0.0.61/modules/pending/discord_desktop_core-1.zip: 26%
2024-08-05T10:41:06.218Z [Modules] Streaming discord_desktop_core@1 to /home/lincolnh/.config/discord/0.0.61/modules/pending/discord_desktop_core-1.zip: 27%
2024-08-05T10:41:06.222Z [Modules] Streaming discord_desktop_core@1 to /home/lincolnh/.config/discord/0.0.61/modules/pending/discord_desktop_core-1.zip: 28%
2024-08-05T10:41:06.309Z [Modules] Streaming discord_desktop_core@1 to /home/lincolnh/.config/discord/0.0.61/modules/pending/discord_desktop_core-1.zip: 29%
2024-08-05T10:41:06.313Z [Modules] Streaming discord_desktop_core@1 to /home/lincolnh/.config/discord/0.0.61/modules/pending/discord_desktop_core-1.zip: 30%
2024-08-05T10:41:06.318Z [Modules] Streaming discord_desktop_core@1 to /home/lincolnh/.config/discord/0.0.61/modules/pending/discord_desktop_core-1.zip: 31%
2024-08-05T10:41:06.320Z [Modules] Streaming discord_desktop_core@1 to /home/lincolnh/.config/discord/0.0.61/modules/pending/discord_desktop_core-1.zip: 32%
2024-08-05T10:41:06.325Z [Modules] Streaming discord_desktop_core@1 to /home/lincolnh/.config/discord/0.0.61/modules/pending/discord_desktop_core-1.zip: 33%
2024-08-05T10:41:06.328Z [Modules] Streaming discord_desktop_core@1 to /home/lincolnh/.config/discord/0.0.61/modules/pending/discord_desktop_core-1.zip: 34%
2024-08-05T10:41:06.332Z [Modules] Streaming discord_desktop_core@1 to /home/lincolnh/.config/discord/0.0.61/modules/pending/discord_desktop_core-1.zip: 35%
2024-08-05T10:41:06.335Z [Modules] Streaming discord_desktop_core@1 to /home/lincolnh/.config/discord/0.0.61/modules/pending/discord_desktop_core-1.zip: 36%
2024-08-05T10:41:06.339Z [Modules] Streaming discord_desktop_core@1 to /home/lincolnh/.config/discord/0.0.61/modules/pending/discord_desktop_core-1.zip: 37%
2024-08-05T10:41:06.342Z [Modules] Streaming discord_desktop_core@1 to /home/lincolnh/.config/discord/0.0.61/modules/pending/discord_desktop_core-1.zip: 38%
2024-08-05T10:41:06.347Z [Modules] Streaming discord_desktop_core@1 to /home/lincolnh/.config/discord/0.0.61/modules/pending/discord_desktop_core-1.zip: 39%
2024-08-05T10:41:06.349Z [Modules] Streaming discord_desktop_core@1 to /home/lincolnh/.config/discord/0.0.61/modules/pending/discord_desktop_core-1.zip: 40%
2024-08-05T10:41:06.354Z [Modules] Streaming discord_desktop_core@1 to /home/lincolnh/.config/discord/0.0.61/modules/pending/discord_desktop_core-1.zip: 41%
2024-08-05T10:41:06.356Z [Modules] Streaming discord_desktop_core@1 to /home/lincolnh/.config/discord/0.0.61/modules/pending/discord_desktop_core-1.zip: 42%
2024-08-05T10:41:06.361Z [Modules] Streaming discord_desktop_core@1 to /home/lincolnh/.config/discord/0.0.61/modules/pending/discord_desktop_core-1.zip: 43%
2024-08-05T10:41:06.366Z [Modules] Streaming discord_desktop_core@1 to /home/lincolnh/.config/discord/0.0.61/modules/pending/discord_desktop_core-1.zip: 44%
2024-08-05T10:41:06.369Z [Modules] Streaming discord_desktop_core@1 to /home/lincolnh/.config/discord/0.0.61/modules/pending/discord_desktop_core-1.zip: 45%
2024-08-05T10:41:06.373Z [Modules] Streaming discord_desktop_core@1 to /home/lincolnh/.config/discord/0.0.61/modules/pending/discord_desktop_core-1.zip: 46%
2024-08-05T10:41:06.375Z [Modules] Streaming discord_desktop_core@1 to /home/lincolnh/.config/discord/0.0.61/modules/pending/discord_desktop_core-1.zip: 47%
2024-08-05T10:41:06.380Z [Modules] Streaming discord_desktop_core@1 to /home/lincolnh/.config/discord/0.0.61/modules/pending/discord_desktop_core-1.zip: 48%
2024-08-05T10:41:06.383Z [Modules] Streaming discord_desktop_core@1 to /home/lincolnh/.config/discord/0.0.61/modules/pending/discord_desktop_core-1.zip: 49%
2024-08-05T10:41:06.388Z [Modules] Streaming discord_desktop_core@1 to /home/lincolnh/.config/discord/0.0.61/modules/pending/discord_desktop_core-1.zip: 50%
2024-08-05T10:41:06.391Z [Modules] Streaming discord_desktop_core@1 to /home/lincolnh/.config/discord/0.0.61/modules/pending/discord_desktop_core-1.zip: 51%
2024-08-05T10:41:06.396Z [Modules] Streaming discord_desktop_core@1 to /home/lincolnh/.config/discord/0.0.61/modules/pending/discord_desktop_core-1.zip: 52%
2024-08-05T10:41:06.397Z [Modules] Streaming discord_desktop_core@1 to /home/lincolnh/.config/discord/0.0.61/modules/pending/discord_desktop_core-1.zip: 53%
2024-08-05T10:41:06.402Z [Modules] Streaming discord_desktop_core@1 to /home/lincolnh/.config/discord/0.0.61/modules/pending/discord_desktop_core-1.zip: 54%
2024-08-05T10:41:06.407Z [Modules] Streaming discord_desktop_core@1 to /home/lincolnh/.config/discord/0.0.61/modules/pending/discord_desktop_core-1.zip: 55%
2024-08-05T10:41:06.410Z [Modules] Streaming discord_desktop_core@1 to /home/lincolnh/.config/discord/0.0.61/modules/pending/discord_desktop_core-1.zip: 56%
2024-08-05T10:41:06.414Z [Modules] Streaming discord_desktop_core@1 to /home/lincolnh/.config/discord/0.0.61/modules/pending/discord_desktop_core-1.zip: 57%
2024-08-05T10:41:06.416Z [Modules] Streaming discord_desktop_core@1 to /home/lincolnh/.config/discord/0.0.61/modules/pending/discord_desktop_core-1.zip: 58%
2024-08-05T10:41:06.421Z [Modules] Streaming discord_desktop_core@1 to /home/lincolnh/.config/discord/0.0.61/modules/pending/discord_desktop_core-1.zip: 59%
2024-08-05T10:41:06.423Z [Modules] Streaming discord_desktop_core@1 to /home/lincolnh/.config/discord/0.0.61/modules/pending/discord_desktop_core-1.zip: 60%
2024-08-05T10:41:06.456Z [Modules] Streaming discord_desktop_core@1 to /home/lincolnh/.config/discord/0.0.61/modules/pending/discord_desktop_core-1.zip: 61%
2024-08-05T10:41:06.458Z [Modules] Streaming discord_desktop_core@1 to /home/lincolnh/.config/discord/0.0.61/modules/pending/discord_desktop_core-1.zip: 62%
2024-08-05T10:41:06.462Z [Modules] Streaming discord_desktop_core@1 to /home/lincolnh/.config/discord/0.0.61/modules/pending/discord_desktop_core-1.zip: 63%
2024-08-05T10:41:06.464Z [Modules] Streaming discord_desktop_core@1 to /home/lincolnh/.config/discord/0.0.61/modules/pending/discord_desktop_core-1.zip: 64%
2024-08-05T10:41:06.468Z [Modules] Streaming discord_desktop_core@1 to /home/lincolnh/.config/discord/0.0.61/modules/pending/discord_desktop_core-1.zip: 65%
2024-08-05T10:41:06.470Z [Modules] Streaming discord_desktop_core@1 to /home/lincolnh/.config/discord/0.0.61/modules/pending/discord_desktop_core-1.zip: 66%
2024-08-05T10:41:06.474Z [Modules] Streaming discord_desktop_core@1 to /home/lincolnh/.config/discord/0.0.61/modules/pending/discord_desktop_core-1.zip: 67%
2024-08-05T10:41:06.477Z [Modules] Streaming discord_desktop_core@1 to /home/lincolnh/.config/discord/0.0.61/modules/pending/discord_desktop_core-1.zip: 68%
2024-08-05T10:41:06.480Z [Modules] Streaming discord_desktop_core@1 to /home/lincolnh/.config/discord/0.0.61/modules/pending/discord_desktop_core-1.zip: 69%
2024-08-05T10:41:06.483Z [Modules] Streaming discord_desktop_core@1 to /home/lincolnh/.config/discord/0.0.61/modules/pending/discord_desktop_core-1.zip: 70%
2024-08-05T10:41:06.485Z [Modules] Streaming discord_desktop_core@1 to /home/lincolnh/.config/discord/0.0.61/modules/pending/discord_desktop_core-1.zip: 71%
2024-08-05T10:41:06.489Z [Modules] Streaming discord_desktop_core@1 to /home/lincolnh/.config/discord/0.0.61/modules/pending/discord_desktop_core-1.zip: 72%
2024-08-05T10:41:06.491Z [Modules] Streaming discord_desktop_core@1 to /home/lincolnh/.config/discord/0.0.61/modules/pending/discord_desktop_core-1.zip: 73%
2024-08-05T10:41:06.495Z [Modules] Streaming discord_desktop_core@1 to /home/lincolnh/.config/discord/0.0.61/modules/pending/discord_desktop_core-1.zip: 74%
2024-08-05T10:41:06.497Z [Modules] Streaming discord_desktop_core@1 to /home/lincolnh/.config/discord/0.0.61/modules/pending/discord_desktop_core-1.zip: 75%
2024-08-05T10:41:06.501Z [Modules] Streaming discord_desktop_core@1 to /home/lincolnh/.config/discord/0.0.61/modules/pending/discord_desktop_core-1.zip: 76%
2024-08-05T10:41:06.503Z [Modules] Streaming discord_desktop_core@1 to /home/lincolnh/.config/discord/0.0.61/modules/pending/discord_desktop_core-1.zip: 77%
2024-08-05T10:41:06.507Z [Modules] Streaming discord_desktop_core@1 to /home/lincolnh/.config/discord/0.0.61/modules/pending/discord_desktop_core-1.zip: 78%
2024-08-05T10:41:06.509Z [Modules] Streaming discord_desktop_core@1 to /home/lincolnh/.config/discord/0.0.61/modules/pending/discord_desktop_core-1.zip: 79%
2024-08-05T10:41:06.513Z [Modules] Streaming discord_desktop_core@1 to /home/lincolnh/.config/discord/0.0.61/modules/pending/discord_desktop_core-1.zip: 80%
2024-08-05T10:41:06.516Z [Modules] Streaming discord_desktop_core@1 to /home/lincolnh/.config/discord/0.0.61/modules/pending/discord_desktop_core-1.zip: 81%
2024-08-05T10:41:06.519Z [Modules] Streaming discord_desktop_core@1 to /home/lincolnh/.config/discord/0.0.61/modules/pending/discord_desktop_core-1.zip: 82%
2024-08-05T10:41:06.521Z [Modules] Streaming discord_desktop_core@1 to /home/lincolnh/.config/discord/0.0.61/modules/pending/discord_desktop_core-1.zip: 83%
2024-08-05T10:41:06.524Z [Modules] Streaming discord_desktop_core@1 to /home/lincolnh/.config/discord/0.0.61/modules/pending/discord_desktop_core-1.zip: 84%
2024-08-05T10:41:06.530Z [Modules] Streaming discord_desktop_core@1 to /home/lincolnh/.config/discord/0.0.61/modules/pending/discord_desktop_core-1.zip: 86%
2024-08-05T10:41:06.532Z [Modules] Streaming discord_desktop_core@1 to /home/lincolnh/.config/discord/0.0.61/modules/pending/discord_desktop_core-1.zip: 87%
2024-08-05T10:41:06.534Z [Modules] Streaming discord_desktop_core@1 to /home/lincolnh/.config/discord/0.0.61/modules/pending/discord_desktop_core-1.zip: 88%
2024-08-05T10:41:06.538Z [Modules] Streaming discord_desktop_core@1 to /home/lincolnh/.config/discord/0.0.61/modules/pending/discord_desktop_core-1.zip: 89%
2024-08-05T10:41:06.542Z [Modules] Streaming discord_desktop_core@1 to /home/lincolnh/.config/discord/0.0.61/modules/pending/discord_desktop_core-1.zip: 91%
2024-08-05T10:41:06.546Z [Modules] Streaming discord_desktop_core@1 to /home/lincolnh/.config/discord/0.0.61/modules/pending/discord_desktop_core-1.zip: 92%
2024-08-05T10:41:06.548Z [Modules] Streaming discord_desktop_core@1 to /home/lincolnh/.config/discord/0.0.61/modules/pending/discord_desktop_core-1.zip: 93%
2024-08-05T10:41:06.550Z [Modules] Streaming discord_desktop_core@1 to /home/lincolnh/.config/discord/0.0.61/modules/pending/discord_desktop_core-1.zip: 94%
2024-08-05T10:41:06.556Z [Modules] Streaming discord_desktop_core@1 to /home/lincolnh/.config/discord/0.0.61/modules/pending/discord_desktop_core-1.zip: 95%
2024-08-05T10:41:06.558Z [Modules] Streaming discord_desktop_core@1 to /home/lincolnh/.config/discord/0.0.61/modules/pending/discord_desktop_core-1.zip: 96%
2024-08-05T10:41:06.560Z [Modules] Streaming discord_desktop_core@1 to /home/lincolnh/.config/discord/0.0.61/modules/pending/discord_desktop_core-1.zip: 97%
2024-08-05T10:41:06.563Z [Modules] Streaming discord_desktop_core@1 to /home/lincolnh/.config/discord/0.0.61/modules/pending/discord_desktop_core-1.zip: 98%
2024-08-05T10:41:06.564Z [Modules] Streaming discord_desktop_core@1 to /home/lincolnh/.config/discord/0.0.61/modules/pending/discord_desktop_core-1.zip: 99%
2024-08-05T10:41:06.565Z [Modules] Streaming discord_desktop_core@1 to /home/lincolnh/.config/discord/0.0.61/modules/pending/discord_desktop_core-1.zip: 100%
2024-08-05T10:41:06.567Z [Modules] Fetching discord_erlpack@1 from https://discord.com/api/modules/stable/discord_erlpack/1
2024-08-05T10:41:06.567Z [Modules] Streaming discord_erlpack@1 to /home/lincolnh/.config/discord/0.0.61/modules/pending/discord_erlpack-1.zip
2024-08-05T10:41:07.320Z [Modules] Streaming discord_erlpack@1 to /home/lincolnh/.config/discord/0.0.61/modules/pending/discord_erlpack-1.zip: 3%
2024-08-05T10:41:07.321Z [Modules] Streaming discord_erlpack@1 to /home/lincolnh/.config/discord/0.0.61/modules/pending/discord_erlpack-1.zip: 4%
2024-08-05T10:41:07.324Z [Modules] Streaming discord_erlpack@1 to /home/lincolnh/.config/discord/0.0.61/modules/pending/discord_erlpack-1.zip: 7%
2024-08-05T10:41:07.327Z [Modules] Streaming discord_erlpack@1 to /home/lincolnh/.config/discord/0.0.61/modules/pending/discord_erlpack-1.zip: 9%
2024-08-05T10:41:07.330Z [Modules] Streaming discord_erlpack@1 to /home/lincolnh/.config/discord/0.0.61/modules/pending/discord_erlpack-1.zip: 12%
2024-08-05T10:41:07.334Z [Modules] Streaming discord_erlpack@1 to /home/lincolnh/.config/discord/0.0.61/modules/pending/discord_erlpack-1.zip: 15%
2024-08-05T10:41:07.337Z [Modules] Streaming discord_erlpack@1 to /home/lincolnh/.config/discord/0.0.61/modules/pending/discord_erlpack-1.zip: 18%
2024-08-05T10:41:07.369Z [Modules] Streaming discord_erlpack@1 to /home/lincolnh/.config/discord/0.0.61/modules/pending/discord_erlpack-1.zip: 21%
2024-08-05T10:41:07.372Z [Modules] Streaming discord_erlpack@1 to /home/lincolnh/.config/discord/0.0.61/modules/pending/discord_erlpack-1.zip: 24%
2024-08-05T10:41:07.375Z [Modules] Streaming discord_erlpack@1 to /home/lincolnh/.config/discord/0.0.61/modules/pending/discord_erlpack-1.zip: 27%
2024-08-05T10:41:07.380Z [Modules] Streaming discord_erlpack@1 to /home/lincolnh/.config/discord/0.0.61/modules/pending/discord_erlpack-1.zip: 30%
2024-08-05T10:41:07.383Z [Modules] Streaming discord_erlpack@1 to /home/lincolnh/.config/discord/0.0.61/modules/pending/discord_erlpack-1.zip: 33%
2024-08-05T10:41:07.386Z [Modules] Streaming discord_erlpack@1 to /home/lincolnh/.config/discord/0.0.61/modules/pending/discord_erlpack-1.zip: 35%
2024-08-05T10:41:07.388Z [Modules] Streaming discord_erlpack@1 to /home/lincolnh/.config/discord/0.0.61/modules/pending/discord_erlpack-1.zip: 38%
2024-08-05T10:41:07.391Z [Modules] Streaming discord_erlpack@1 to /home/lincolnh/.config/discord/0.0.61/modules/pending/discord_erlpack-1.zip: 41%
2024-08-05T10:41:07.394Z [Modules] Streaming discord_erlpack@1 to /home/lincolnh/.config/discord/0.0.61/modules/pending/discord_erlpack-1.zip: 44%
2024-08-05T10:41:07.398Z [Modules] Streaming discord_erlpack@1 to /home/lincolnh/.config/discord/0.0.61/modules/pending/discord_erlpack-1.zip: 47%
2024-08-05T10:41:07.399Z [Modules] Streaming discord_erlpack@1 to /home/lincolnh/.config/discord/0.0.61/modules/pending/discord_erlpack-1.zip: 48%
2024-08-05T10:41:07.402Z [Modules] Streaming discord_erlpack@1 to /home/lincolnh/.config/discord/0.0.61/modules/pending/discord_erlpack-1.zip: 51%
2024-08-05T10:41:07.405Z [Modules] Streaming discord_erlpack@1 to /home/lincolnh/.config/discord/0.0.61/modules/pending/discord_erlpack-1.zip: 54%
2024-08-05T10:41:07.407Z [Modules] Streaming discord_erlpack@1 to /home/lincolnh/.config/discord/0.0.61/modules/pending/discord_erlpack-1.zip: 55%
2024-08-05T10:41:07.410Z [Modules] Streaming discord_erlpack@1 to /home/lincolnh/.config/discord/0.0.61/modules/pending/discord_erlpack-1.zip: 58%
2024-08-05T10:41:07.414Z [Modules] Streaming discord_erlpack@1 to /home/lincolnh/.config/discord/0.0.61/modules/pending/discord_erlpack-1.zip: 61%
2024-08-05T10:41:07.415Z [Modules] Streaming discord_erlpack@1 to /home/lincolnh/.config/discord/0.0.61/modules/pending/discord_erlpack-1.zip: 62%
2024-08-05T10:41:07.418Z [Modules] Streaming discord_erlpack@1 to /home/lincolnh/.config/discord/0.0.61/modules/pending/discord_erlpack-1.zip: 65%
2024-08-05T10:41:07.438Z [Modules] Streaming discord_erlpack@1 to /home/lincolnh/.config/discord/0.0.61/modules/pending/discord_erlpack-1.zip: 68%
2024-08-05T10:41:07.444Z [Modules] Streaming discord_erlpack@1 to /home/lincolnh/.config/discord/0.0.61/modules/pending/discord_erlpack-1.zip: 71%
2024-08-05T10:41:07.446Z [Modules] Streaming discord_erlpack@1 to /home/lincolnh/.config/discord/0.0.61/modules/pending/discord_erlpack-1.zip: 72%
2024-08-05T10:41:07.448Z [Modules] Streaming discord_erlpack@1 to /home/lincolnh/.config/discord/0.0.61/modules/pending/discord_erlpack-1.zip: 75%
2024-08-05T10:41:07.474Z [Modules] Streaming discord_erlpack@1 to /home/lincolnh/.config/discord/0.0.61/modules/pending/discord_erlpack-1.zip: 78%
2024-08-05T10:41:07.477Z [Modules] Streaming discord_erlpack@1 to /home/lincolnh/.config/discord/0.0.61/modules/pending/discord_erlpack-1.zip: 81%
2024-08-05T10:41:07.481Z [Modules] Streaming discord_erlpack@1 to /home/lincolnh/.config/discord/0.0.61/modules/pending/discord_erlpack-1.zip: 84%
2024-08-05T10:41:07.481Z [Modules] Streaming discord_erlpack@1 to /home/lincolnh/.config/discord/0.0.61/modules/pending/discord_erlpack-1.zip: 85%
2024-08-05T10:41:07.483Z [Modules] Streaming discord_erlpack@1 to /home/lincolnh/.config/discord/0.0.61/modules/pending/discord_erlpack-1.zip: 86%
2024-08-05T10:41:07.496Z [Modules] Streaming discord_erlpack@1 to /home/lincolnh/.config/discord/0.0.61/modules/pending/discord_erlpack-1.zip: 89%
2024-08-05T10:41:07.499Z [Modules] Streaming discord_erlpack@1 to /home/lincolnh/.config/discord/0.0.61/modules/pending/discord_erlpack-1.zip: 92%
2024-08-05T10:41:07.503Z [Modules] Streaming discord_erlpack@1 to /home/lincolnh/.config/discord/0.0.61/modules/pending/discord_erlpack-1.zip: 95%
2024-08-05T10:41:07.505Z [Modules] Streaming discord_erlpack@1 to /home/lincolnh/.config/discord/0.0.61/modules/pending/discord_erlpack-1.zip: 97%
2024-08-05T10:41:07.524Z [Modules] Streaming discord_erlpack@1 to /home/lincolnh/.config/discord/0.0.61/modules/pending/discord_erlpack-1.zip: 100%
2024-08-05T10:41:07.526Z [Modules] Fetching discord_spellcheck@1 from https://discord.com/api/modules/stable/discord_spellcheck/1
2024-08-05T10:41:07.526Z [Modules] Streaming discord_spellcheck@1 to /home/lincolnh/.config/discord/0.0.61/modules/pending/discord_spellcheck-1.zip
2024-08-05T10:41:08.267Z [Modules] Streaming discord_spellcheck@1 to /home/lincolnh/.config/discord/0.0.61/modules/pending/discord_spellcheck-1.zip: 1%
2024-08-05T10:41:08.270Z [Modules] Streaming discord_spellcheck@1 to /home/lincolnh/.config/discord/0.0.61/modules/pending/discord_spellcheck-1.zip: 2%
2024-08-05T10:41:08.272Z [Modules] Streaming discord_spellcheck@1 to /home/lincolnh/.config/discord/0.0.61/modules/pending/discord_spellcheck-1.zip: 3%
2024-08-05T10:41:08.275Z [Modules] Streaming discord_spellcheck@1 to /home/lincolnh/.config/discord/0.0.61/modules/pending/discord_spellcheck-1.zip: 4%
2024-08-05T10:41:08.280Z [Modules] Streaming discord_spellcheck@1 to /home/lincolnh/.config/discord/0.0.61/modules/pending/discord_spellcheck-1.zip: 5%
2024-08-05T10:41:08.283Z [Modules] Streaming discord_spellcheck@1 to /home/lincolnh/.config/discord/0.0.61/modules/pending/discord_spellcheck-1.zip: 6%
2024-08-05T10:41:08.286Z [Modules] Streaming discord_spellcheck@1 to /home/lincolnh/.config/discord/0.0.61/modules/pending/discord_spellcheck-1.zip: 7%
2024-08-05T10:41:08.289Z [Modules] Streaming discord_spellcheck@1 to /home/lincolnh/.config/discord/0.0.61/modules/pending/discord_spellcheck-1.zip: 8%
2024-08-05T10:41:08.294Z [Modules] Streaming discord_spellcheck@1 to /home/lincolnh/.config/discord/0.0.61/modules/pending/discord_spellcheck-1.zip: 9%
2024-08-05T10:41:08.297Z [Modules] Streaming discord_spellcheck@1 to /home/lincolnh/.config/discord/0.0.61/modules/pending/discord_spellcheck-1.zip: 10%
2024-08-05T10:41:08.301Z [Modules] Streaming discord_spellcheck@1 to /home/lincolnh/.config/discord/0.0.61/modules/pending/discord_spellcheck-1.zip: 11%
2024-08-05T10:41:08.303Z [Modules] Streaming discord_spellcheck@1 to /home/lincolnh/.config/discord/0.0.61/modules/pending/discord_spellcheck-1.zip: 12%
2024-08-05T10:41:08.308Z [Modules] Streaming discord_spellcheck@1 to /home/lincolnh/.config/discord/0.0.61/modules/pending/discord_spellcheck-1.zip: 13%
2024-08-05T10:41:08.311Z [Modules] Streaming discord_spellcheck@1 to /home/lincolnh/.config/discord/0.0.61/modules/pending/discord_spellcheck-1.zip: 14%
2024-08-05T10:41:08.314Z [Modules] Streaming discord_spellcheck@1 to /home/lincolnh/.config/discord/0.0.61/modules/pending/discord_spellcheck-1.zip: 15%
2024-08-05T10:41:08.317Z [Modules] Streaming discord_spellcheck@1 to /home/lincolnh/.config/discord/0.0.61/modules/pending/discord_spellcheck-1.zip: 16%
2024-08-05T10:41:08.320Z [Modules] Streaming discord_spellcheck@1 to /home/lincolnh/.config/discord/0.0.61/modules/pending/discord_spellcheck-1.zip: 17%
2024-08-05T10:41:08.324Z [Modules] Streaming discord_spellcheck@1 to /home/lincolnh/.config/discord/0.0.61/modules/pending/discord_spellcheck-1.zip: 18%
2024-08-05T10:41:08.326Z [Modules] Streaming discord_spellcheck@1 to /home/lincolnh/.config/discord/0.0.61/modules/pending/discord_spellcheck-1.zip: 19%
2024-08-05T10:41:08.331Z [Modules] Streaming discord_spellcheck@1 to /home/lincolnh/.config/discord/0.0.61/modules/pending/discord_spellcheck-1.zip: 20%
2024-08-05T10:41:08.335Z [Modules] Streaming discord_spellcheck@1 to /home/lincolnh/.config/discord/0.0.61/modules/pending/discord_spellcheck-1.zip: 21%
2024-08-05T10:41:08.337Z [Modules] Streaming discord_spellcheck@1 to /home/lincolnh/.config/discord/0.0.61/modules/pending/discord_spellcheck-1.zip: 22%
2024-08-05T10:41:08.340Z [Modules] Streaming discord_spellcheck@1 to /home/lincolnh/.config/discord/0.0.61/modules/pending/discord_spellcheck-1.zip: 23%
2024-08-05T10:41:08.344Z [Modules] Streaming discord_spellcheck@1 to /home/lincolnh/.config/discord/0.0.61/modules/pending/discord_spellcheck-1.zip: 24%
2024-08-05T10:41:08.347Z [Modules] Streaming discord_spellcheck@1 to /home/lincolnh/.config/discord/0.0.61/modules/pending/discord_spellcheck-1.zip: 25%
2024-08-05T10:41:08.351Z [Modules] Streaming discord_spellcheck@1 to /home/lincolnh/.config/discord/0.0.61/modules/pending/discord_spellcheck-1.zip: 26%
2024-08-05T10:41:08.354Z [Modules] Streaming discord_spellcheck@1 to /home/lincolnh/.config/discord/0.0.61/modules/pending/discord_spellcheck-1.zip: 27%
2024-08-05T10:41:08.357Z [Modules] Streaming discord_spellcheck@1 to /home/lincolnh/.config/discord/0.0.61/modules/pending/discord_spellcheck-1.zip: 28%
2024-08-05T10:41:08.365Z [Modules] Streaming discord_spellcheck@1 to /home/lincolnh/.config/discord/0.0.61/modules/pending/discord_spellcheck-1.zip: 29%
2024-08-05T10:41:08.375Z [Modules] Streaming discord_spellcheck@1 to /home/lincolnh/.config/discord/0.0.61/modules/pending/discord_spellcheck-1.zip: 30%
2024-08-05T10:41:08.376Z [Modules] Streaming discord_spellcheck@1 to /home/lincolnh/.config/discord/0.0.61/modules/pending/discord_spellcheck-1.zip: 31%
2024-08-05T10:41:08.377Z [Modules] Streaming discord_spellcheck@1 to /home/lincolnh/.config/discord/0.0.61/modules/pending/discord_spellcheck-1.zip: 32%
2024-08-05T10:41:08.378Z [Modules] Streaming discord_spellcheck@1 to /home/lincolnh/.config/discord/0.0.61/modules/pending/discord_spellcheck-1.zip: 33%
2024-08-05T10:41:08.378Z [Modules] Streaming discord_spellcheck@1 to /home/lincolnh/.config/discord/0.0.61/modules/pending/discord_spellcheck-1.zip: 34%
2024-08-05T10:41:08.412Z [Modules] Streaming discord_spellcheck@1 to /home/lincolnh/.config/discord/0.0.61/modules/pending/discord_spellcheck-1.zip: 35%
2024-08-05T10:41:08.413Z [Modules] Streaming discord_spellcheck@1 to /home/lincolnh/.config/discord/0.0.61/modules/pending/discord_spellcheck-1.zip: 36%
2024-08-05T10:41:08.415Z [Modules] Streaming discord_spellcheck@1 to /home/lincolnh/.config/discord/0.0.61/modules/pending/discord_spellcheck-1.zip: 37%
2024-08-05T10:41:08.419Z [Modules] Streaming discord_spellcheck@1 to /home/lincolnh/.config/discord/0.0.61/modules/pending/discord_spellcheck-1.zip: 38%
2024-08-05T10:41:08.422Z [Modules] Streaming discord_spellcheck@1 to /home/lincolnh/.config/discord/0.0.61/modules/pending/discord_spellcheck-1.zip: 39%
2024-08-05T10:41:08.427Z [Modules] Streaming discord_spellcheck@1 to /home/lincolnh/.config/discord/0.0.61/modules/pending/discord_spellcheck-1.zip: 40%
2024-08-05T10:41:08.429Z [Modules] Streaming discord_spellcheck@1 to /home/lincolnh/.config/discord/0.0.61/modules/pending/discord_spellcheck-1.zip: 41%
2024-08-05T10:41:08.432Z [Modules] Streaming discord_spellcheck@1 to /home/lincolnh/.config/discord/0.0.61/modules/pending/discord_spellcheck-1.zip: 42%
2024-08-05T10:41:08.434Z [Modules] Streaming discord_spellcheck@1 to /home/lincolnh/.config/discord/0.0.61/modules/pending/discord_spellcheck-1.zip: 43%
2024-08-05T10:41:08.439Z [Modules] Streaming discord_spellcheck@1 to /home/lincolnh/.config/discord/0.0.61/modules/pending/discord_spellcheck-1.zip: 44%
2024-08-05T10:41:08.442Z [Modules] Streaming discord_spellcheck@1 to /home/lincolnh/.config/discord/0.0.61/modules/pending/discord_spellcheck-1.zip: 45%
2024-08-05T10:41:08.446Z [Modules] Streaming discord_spellcheck@1 to /home/lincolnh/.config/discord/0.0.61/modules/pending/discord_spellcheck-1.zip: 46%
2024-08-05T10:41:08.448Z [Modules] Streaming discord_spellcheck@1 to /home/lincolnh/.config/discord/0.0.61/modules/pending/discord_spellcheck-1.zip: 47%
2024-08-05T10:41:08.453Z [Modules] Streaming discord_spellcheck@1 to /home/lincolnh/.config/discord/0.0.61/modules/pending/discord_spellcheck-1.zip: 48%
2024-08-05T10:41:08.455Z [Modules] Streaming discord_spellcheck@1 to /home/lincolnh/.config/discord/0.0.61/modules/pending/discord_spellcheck-1.zip: 49%
2024-08-05T10:41:08.460Z [Modules] Streaming discord_spellcheck@1 to /home/lincolnh/.config/discord/0.0.61/modules/pending/discord_spellcheck-1.zip: 50%
2024-08-05T10:41:08.462Z [Modules] Streaming discord_spellcheck@1 to /home/lincolnh/.config/discord/0.0.61/modules/pending/discord_spellcheck-1.zip: 51%
2024-08-05T10:41:08.466Z [Modules] Streaming discord_spellcheck@1 to /home/lincolnh/.config/discord/0.0.61/modules/pending/discord_spellcheck-1.zip: 52%
2024-08-05T10:41:08.468Z [Modules] Streaming discord_spellcheck@1 to /home/lincolnh/.config/discord/0.0.61/modules/pending/discord_spellcheck-1.zip: 53%
2024-08-05T10:41:08.473Z [Modules] Streaming discord_spellcheck@1 to /home/lincolnh/.config/discord/0.0.61/modules/pending/discord_spellcheck-1.zip: 54%
2024-08-05T10:41:08.478Z [Modules] Streaming discord_spellcheck@1 to /home/lincolnh/.config/discord/0.0.61/modules/pending/discord_spellcheck-1.zip: 55%
2024-08-05T10:41:08.480Z [Modules] Streaming discord_spellcheck@1 to /home/lincolnh/.config/discord/0.0.61/modules/pending/discord_spellcheck-1.zip: 56%
2024-08-05T10:41:08.485Z [Modules] Streaming discord_spellcheck@1 to /home/lincolnh/.config/discord/0.0.61/modules/pending/discord_spellcheck-1.zip: 57%
2024-08-05T10:41:08.487Z [Modules] Streaming discord_spellcheck@1 to /home/lincolnh/.config/discord/0.0.61/modules/pending/discord_spellcheck-1.zip: 58%
2024-08-05T10:41:08.489Z [Modules] Streaming discord_spellcheck@1 to /home/lincolnh/.config/discord/0.0.61/modules/pending/discord_spellcheck-1.zip: 59%
2024-08-05T10:41:08.497Z [Modules] Streaming discord_spellcheck@1 to /home/lincolnh/.config/discord/0.0.61/modules/pending/discord_spellcheck-1.zip: 60%
2024-08-05T10:41:08.500Z [Modules] Streaming discord_spellcheck@1 to /home/lincolnh/.config/discord/0.0.61/modules/pending/discord_spellcheck-1.zip: 61%
2024-08-05T10:41:08.502Z [Modules] Streaming discord_spellcheck@1 to /home/lincolnh/.config/discord/0.0.61/modules/pending/discord_spellcheck-1.zip: 62%
2024-08-05T10:41:08.527Z [Modules] Streaming discord_spellcheck@1 to /home/lincolnh/.config/discord/0.0.61/modules/pending/discord_spellcheck-1.zip: 63%
2024-08-05T10:41:08.529Z [Modules] Streaming discord_spellcheck@1 to /home/lincolnh/.config/discord/0.0.61/modules/pending/discord_spellcheck-1.zip: 64%
2024-08-05T10:41:08.532Z [Modules] Streaming discord_spellcheck@1 to /home/lincolnh/.config/discord/0.0.61/modules/pending/discord_spellcheck-1.zip: 65%
2024-08-05T10:41:08.534Z [Modules] Streaming discord_spellcheck@1 to /home/lincolnh/.config/discord/0.0.61/modules/pending/discord_spellcheck-1.zip: 66%
2024-08-05T10:41:08.537Z [Modules] Streaming discord_spellcheck@1 to /home/lincolnh/.config/discord/0.0.61/modules/pending/discord_spellcheck-1.zip: 67%
2024-08-05T10:41:08.539Z [Modules] Streaming discord_spellcheck@1 to /home/lincolnh/.config/discord/0.0.61/modules/pending/discord_spellcheck-1.zip: 68%
2024-08-05T10:41:08.542Z [Modules] Streaming discord_spellcheck@1 to /home/lincolnh/.config/discord/0.0.61/modules/pending/discord_spellcheck-1.zip: 69%
2024-08-05T10:41:08.544Z [Modules] Streaming discord_spellcheck@1 to /home/lincolnh/.config/discord/0.0.61/modules/pending/discord_spellcheck-1.zip: 70%
2024-08-05T10:41:08.547Z [Modules] Streaming discord_spellcheck@1 to /home/lincolnh/.config/discord/0.0.61/modules/pending/discord_spellcheck-1.zip: 71%
2024-08-05T10:41:08.558Z [Modules] Streaming discord_spellcheck@1 to /home/lincolnh/.config/discord/0.0.61/modules/pending/discord_spellcheck-1.zip: 72%
2024-08-05T10:41:08.560Z [Modules] Streaming discord_spellcheck@1 to /home/lincolnh/.config/discord/0.0.61/modules/pending/discord_spellcheck-1.zip: 73%
2024-08-05T10:41:08.561Z [Modules] Streaming discord_spellcheck@1 to /home/lincolnh/.config/discord/0.0.61/modules/pending/discord_spellcheck-1.zip: 74%
2024-08-05T10:41:08.563Z [Modules] Streaming discord_spellcheck@1 to /home/lincolnh/.config/discord/0.0.61/modules/pending/discord_spellcheck-1.zip: 75%
2024-08-05T10:41:08.566Z [Modules] Streaming discord_spellcheck@1 to /home/lincolnh/.config/discord/0.0.61/modules/pending/discord_spellcheck-1.zip: 76%
2024-08-05T10:41:08.571Z [Modules] Streaming discord_spellcheck@1 to /home/lincolnh/.config/discord/0.0.61/modules/pending/discord_spellcheck-1.zip: 77%
2024-08-05T10:41:08.575Z [Modules] Streaming discord_spellcheck@1 to /home/lincolnh/.config/discord/0.0.61/modules/pending/discord_spellcheck-1.zip: 78%
2024-08-05T10:41:08.578Z [Modules] Streaming discord_spellcheck@1 to /home/lincolnh/.config/discord/0.0.61/modules/pending/discord_spellcheck-1.zip: 79%
2024-08-05T10:41:08.581Z [Modules] Streaming discord_spellcheck@1 to /home/lincolnh/.config/discord/0.0.61/modules/pending/discord_spellcheck-1.zip: 80%
2024-08-05T10:41:08.585Z [Modules] Streaming discord_spellcheck@1 to /home/lincolnh/.config/discord/0.0.61/modules/pending/discord_spellcheck-1.zip: 81%
2024-08-05T10:41:08.588Z [Modules] Streaming discord_spellcheck@1 to /home/lincolnh/.config/discord/0.0.61/modules/pending/discord_spellcheck-1.zip: 82%
2024-08-05T10:41:08.591Z [Modules] Streaming discord_spellcheck@1 to /home/lincolnh/.config/discord/0.0.61/modules/pending/discord_spellcheck-1.zip: 83%
2024-08-05T10:41:08.594Z [Modules] Streaming discord_spellcheck@1 to /home/lincolnh/.config/discord/0.0.61/modules/pending/discord_spellcheck-1.zip: 84%
2024-08-05T10:41:08.598Z [Modules] Streaming discord_spellcheck@1 to /home/lincolnh/.config/discord/0.0.61/modules/pending/discord_spellcheck-1.zip: 85%
2024-08-05T10:41:08.602Z [Modules] Streaming discord_spellcheck@1 to /home/lincolnh/.config/discord/0.0.61/modules/pending/discord_spellcheck-1.zip: 86%
2024-08-05T10:41:08.604Z [Modules] Streaming discord_spellcheck@1 to /home/lincolnh/.config/discord/0.0.61/modules/pending/discord_spellcheck-1.zip: 87%
2024-08-05T10:41:08.608Z [Modules] Streaming discord_spellcheck@1 to /home/lincolnh/.config/discord/0.0.61/modules/pending/discord_spellcheck-1.zip: 88%
2024-08-05T10:41:08.611Z [Modules] Streaming discord_spellcheck@1 to /home/lincolnh/.config/discord/0.0.61/modules/pending/discord_spellcheck-1.zip: 89%
2024-08-05T10:41:08.615Z [Modules] Streaming discord_spellcheck@1 to /home/lincolnh/.config/discord/0.0.61/modules/pending/discord_spellcheck-1.zip: 90%
2024-08-05T10:41:08.619Z [Modules] Streaming discord_spellcheck@1 to /home/lincolnh/.config/discord/0.0.61/modules/pending/discord_spellcheck-1.zip: 91%
2024-08-05T10:41:08.622Z [Modules] Streaming discord_spellcheck@1 to /home/lincolnh/.config/discord/0.0.61/modules/pending/discord_spellcheck-1.zip: 92%
2024-08-05T10:41:08.626Z [Modules] Streaming discord_spellcheck@1 to /home/lincolnh/.config/discord/0.0.61/modules/pending/discord_spellcheck-1.zip: 93%
2024-08-05T10:41:08.672Z [Modules] Streaming discord_spellcheck@1 to /home/lincolnh/.config/discord/0.0.61/modules/pending/discord_spellcheck-1.zip: 94%
2024-08-05T10:41:08.674Z [Modules] Streaming discord_spellcheck@1 to /home/lincolnh/.config/discord/0.0.61/modules/pending/discord_spellcheck-1.zip: 95%
2024-08-05T10:41:08.675Z [Modules] Streaming discord_spellcheck@1 to /home/lincolnh/.config/discord/0.0.61/modules/pending/discord_spellcheck-1.zip: 96%
2024-08-05T10:41:08.676Z [Modules] Streaming discord_spellcheck@1 to /home/lincolnh/.config/discord/0.0.61/modules/pending/discord_spellcheck-1.zip: 97%
2024-08-05T10:41:08.678Z [Modules] Streaming discord_spellcheck@1 to /home/lincolnh/.config/discord/0.0.61/modules/pending/discord_spellcheck-1.zip: 98%
2024-08-05T10:41:08.680Z [Modules] Streaming discord_spellcheck@1 to /home/lincolnh/.config/discord/0.0.61/modules/pending/discord_spellcheck-1.zip: 99%
2024-08-05T10:41:08.681Z [Modules] Streaming discord_spellcheck@1 to /home/lincolnh/.config/discord/0.0.61/modules/pending/discord_spellcheck-1.zip: 100%
2024-08-05T10:41:08.682Z [Modules] Fetching discord_utils@1 from https://discord.com/api/modules/stable/discord_utils/1
2024-08-05T10:41:08.682Z [Modules] Streaming discord_utils@1 to /home/lincolnh/.config/discord/0.0.61/modules/pending/discord_utils-1.zip
2024-08-05T10:41:09.413Z [Modules] Streaming discord_utils@1 to /home/lincolnh/.config/discord/0.0.61/modules/pending/discord_utils-1.zip: 1%
2024-08-05T10:41:09.414Z [Modules] Streaming discord_utils@1 to /home/lincolnh/.config/discord/0.0.61/modules/pending/discord_utils-1.zip: 2%
2024-08-05T10:41:09.414Z [Modules] Streaming discord_utils@1 to /home/lincolnh/.config/discord/0.0.61/modules/pending/discord_utils-1.zip: 4%
2024-08-05T10:41:09.415Z [Modules] Streaming discord_utils@1 to /home/lincolnh/.config/discord/0.0.61/modules/pending/discord_utils-1.zip: 5%
2024-08-05T10:41:09.416Z [Modules] Streaming discord_utils@1 to /home/lincolnh/.config/discord/0.0.61/modules/pending/discord_utils-1.zip: 7%
2024-08-05T10:41:09.417Z [Modules] Streaming discord_utils@1 to /home/lincolnh/.config/discord/0.0.61/modules/pending/discord_utils-1.zip: 9%
2024-08-05T10:41:09.418Z [Modules] Streaming discord_utils@1 to /home/lincolnh/.config/discord/0.0.61/modules/pending/discord_utils-1.zip: 11%
2024-08-05T10:41:09.418Z [Modules] Streaming discord_utils@1 to /home/lincolnh/.config/discord/0.0.61/modules/pending/discord_utils-1.zip: 12%
2024-08-05T10:41:09.419Z [Modules] Streaming discord_utils@1 to /home/lincolnh/.config/discord/0.0.61/modules/pending/discord_utils-1.zip: 14%
2024-08-05T10:41:09.420Z [Modules] Streaming discord_utils@1 to /home/lincolnh/.config/discord/0.0.61/modules/pending/discord_utils-1.zip: 16%
2024-08-05T10:41:09.421Z [Modules] Streaming discord_utils@1 to /home/lincolnh/.config/discord/0.0.61/modules/pending/discord_utils-1.zip: 18%
2024-08-05T10:41:09.422Z [Modules] Streaming discord_utils@1 to /home/lincolnh/.config/discord/0.0.61/modules/pending/discord_utils-1.zip: 20%
2024-08-05T10:41:09.423Z [Modules] Streaming discord_utils@1 to /home/lincolnh/.config/discord/0.0.61/modules/pending/discord_utils-1.zip: 22%
2024-08-05T10:41:09.424Z [Modules] Streaming discord_utils@1 to /home/lincolnh/.config/discord/0.0.61/modules/pending/discord_utils-1.zip: 24%
2024-08-05T10:41:09.424Z [Modules] Streaming discord_utils@1 to /home/lincolnh/.config/discord/0.0.61/modules/pending/discord_utils-1.zip: 26%
2024-08-05T10:41:09.425Z [Modules] Streaming discord_utils@1 to /home/lincolnh/.config/discord/0.0.61/modules/pending/discord_utils-1.zip: 28%
2024-08-05T10:41:09.426Z [Modules] Streaming discord_utils@1 to /home/lincolnh/.config/discord/0.0.61/modules/pending/discord_utils-1.zip: 30%
2024-08-05T10:41:09.427Z [Modules] Streaming discord_utils@1 to /home/lincolnh/.config/discord/0.0.61/modules/pending/discord_utils-1.zip: 32%
2024-08-05T10:41:09.428Z [Modules] Streaming discord_utils@1 to /home/lincolnh/.config/discord/0.0.61/modules/pending/discord_utils-1.zip: 34%
2024-08-05T10:41:09.430Z [Modules] Streaming discord_utils@1 to /home/lincolnh/.config/discord/0.0.61/modules/pending/discord_utils-1.zip: 35%
2024-08-05T10:41:09.433Z [Modules] Streaming discord_utils@1 to /home/lincolnh/.config/discord/0.0.61/modules/pending/discord_utils-1.zip: 37%
2024-08-05T10:41:09.445Z [Modules] Streaming discord_utils@1 to /home/lincolnh/.config/discord/0.0.61/modules/pending/discord_utils-1.zip: 39%
2024-08-05T10:41:09.445Z [Modules] Streaming discord_utils@1 to /home/lincolnh/.config/discord/0.0.61/modules/pending/discord_utils-1.zip: 41%
2024-08-05T10:41:09.446Z [Modules] Streaming discord_utils@1 to /home/lincolnh/.config/discord/0.0.61/modules/pending/discord_utils-1.zip: 43%
2024-08-05T10:41:09.446Z [Modules] Streaming discord_utils@1 to /home/lincolnh/.config/discord/0.0.61/modules/pending/discord_utils-1.zip: 45%
2024-08-05T10:41:09.447Z [Modules] Streaming discord_utils@1 to /home/lincolnh/.config/discord/0.0.61/modules/pending/discord_utils-1.zip: 47%
2024-08-05T10:41:09.448Z [Modules] Streaming discord_utils@1 to /home/lincolnh/.config/discord/0.0.61/modules/pending/discord_utils-1.zip: 49%
2024-08-05T10:41:09.448Z [Modules] Streaming discord_utils@1 to /home/lincolnh/.config/discord/0.0.61/modules/pending/discord_utils-1.zip: 51%
2024-08-05T10:41:09.449Z [Modules] Streaming discord_utils@1 to /home/lincolnh/.config/discord/0.0.61/modules/pending/discord_utils-1.zip: 53%
2024-08-05T10:41:09.451Z [Modules] Streaming discord_utils@1 to /home/lincolnh/.config/discord/0.0.61/modules/pending/discord_utils-1.zip: 54%
2024-08-05T10:41:09.599Z [Modules] Streaming discord_utils@1 to /home/lincolnh/.config/discord/0.0.61/modules/pending/discord_utils-1.zip: 56%
2024-08-05T10:41:09.599Z [Modules] Streaming discord_utils@1 to /home/lincolnh/.config/discord/0.0.61/modules/pending/discord_utils-1.zip: 58%
2024-08-05T10:41:09.600Z [Modules] Streaming discord_utils@1 to /home/lincolnh/.config/discord/0.0.61/modules/pending/discord_utils-1.zip: 60%
2024-08-05T10:41:09.601Z [Modules] Streaming discord_utils@1 to /home/lincolnh/.config/discord/0.0.61/modules/pending/discord_utils-1.zip: 62%
2024-08-05T10:41:09.601Z [Modules] Streaming discord_utils@1 to /home/lincolnh/.config/discord/0.0.61/modules/pending/discord_utils-1.zip: 66%
2024-08-05T10:41:09.602Z [Modules] Streaming discord_utils@1 to /home/lincolnh/.config/discord/0.0.61/modules/pending/discord_utils-1.zip: 69%
2024-08-05T10:41:09.603Z [Modules] Streaming discord_utils@1 to /home/lincolnh/.config/discord/0.0.61/modules/pending/discord_utils-1.zip: 73%
2024-08-05T10:41:09.603Z [Modules] Streaming discord_utils@1 to /home/lincolnh/.config/discord/0.0.61/modules/pending/discord_utils-1.zip: 77%
2024-08-05T10:41:09.604Z [Modules] Streaming discord_utils@1 to /home/lincolnh/.config/discord/0.0.61/modules/pending/discord_utils-1.zip: 81%
2024-08-05T10:41:09.604Z [Modules] Streaming discord_utils@1 to /home/lincolnh/.config/discord/0.0.61/modules/pending/discord_utils-1.zip: 89%
2024-08-05T10:41:09.605Z [Modules] Streaming discord_utils@1 to /home/lincolnh/.config/discord/0.0.61/modules/pending/discord_utils-1.zip: 93%
2024-08-05T10:41:09.606Z [Modules] Streaming discord_utils@1 to /home/lincolnh/.config/discord/0.0.61/modules/pending/discord_utils-1.zip: 100%
2024-08-05T10:41:09.607Z [Modules] Fetching discord_voice@1 from https://discord.com/api/modules/stable/discord_voice/1
2024-08-05T10:41:09.607Z [Modules] Streaming discord_voice@1 to /home/lincolnh/.config/discord/0.0.61/modules/pending/discord_voice-1.zip
2024-08-05T10:41:10.358Z [Modules] Streaming discord_voice@1 to /home/lincolnh/.config/discord/0.0.61/modules/pending/discord_voice-1.zip: 1%
2024-08-05T10:41:10.362Z [Modules] Streaming discord_voice@1 to /home/lincolnh/.config/discord/0.0.61/modules/pending/discord_voice-1.zip: 2%
2024-08-05T10:41:10.367Z [Modules] Streaming discord_voice@1 to /home/lincolnh/.config/discord/0.0.61/modules/pending/discord_voice-1.zip: 3%
2024-08-05T10:41:10.373Z [Modules] Streaming discord_voice@1 to /home/lincolnh/.config/discord/0.0.61/modules/pending/discord_voice-1.zip: 4%
2024-08-05T10:41:10.381Z [Modules] Streaming discord_voice@1 to /home/lincolnh/.config/discord/0.0.61/modules/pending/discord_voice-1.zip: 5%
2024-08-05T10:41:10.393Z [Modules] Streaming discord_voice@1 to /home/lincolnh/.config/discord/0.0.61/modules/pending/discord_voice-1.zip: 6%
2024-08-05T10:41:10.398Z [Modules] Streaming discord_voice@1 to /home/lincolnh/.config/discord/0.0.61/modules/pending/discord_voice-1.zip: 7%
2024-08-05T10:41:10.402Z [Modules] Streaming discord_voice@1 to /home/lincolnh/.config/discord/0.0.61/modules/pending/discord_voice-1.zip: 8%
2024-08-05T10:41:10.407Z [Modules] Streaming discord_voice@1 to /home/lincolnh/.config/discord/0.0.61/modules/pending/discord_voice-1.zip: 9%
2024-08-05T10:41:10.410Z [Modules] Streaming discord_voice@1 to /home/lincolnh/.config/discord/0.0.61/modules/pending/discord_voice-1.zip: 10%
2024-08-05T10:41:10.413Z [Modules] Streaming discord_voice@1 to /home/lincolnh/.config/discord/0.0.61/modules/pending/discord_voice-1.zip: 11%
2024-08-05T10:41:10.417Z [Modules] Streaming discord_voice@1 to /home/lincolnh/.config/discord/0.0.61/modules/pending/discord_voice-1.zip: 12%
2024-08-05T10:41:10.420Z [Modules] Streaming discord_voice@1 to /home/lincolnh/.config/discord/0.0.61/modules/pending/discord_voice-1.zip: 13%
2024-08-05T10:41:10.423Z [Modules] Streaming discord_voice@1 to /home/lincolnh/.config/discord/0.0.61/modules/pending/discord_voice-1.zip: 14%
2024-08-05T10:41:10.426Z [Modules] Streaming discord_voice@1 to /home/lincolnh/.config/discord/0.0.61/modules/pending/discord_voice-1.zip: 15%
2024-08-05T10:41:10.502Z [Modules] Streaming discord_voice@1 to /home/lincolnh/.config/discord/0.0.61/modules/pending/discord_voice-1.zip: 16%
2024-08-05T10:41:10.506Z [Modules] Streaming discord_voice@1 to /home/lincolnh/.config/discord/0.0.61/modules/pending/discord_voice-1.zip: 17%
2024-08-05T10:41:10.510Z [Modules] Streaming discord_voice@1 to /home/lincolnh/.config/discord/0.0.61/modules/pending/discord_voice-1.zip: 18%
2024-08-05T10:41:10.523Z [Modules] Streaming discord_voice@1 to /home/lincolnh/.config/discord/0.0.61/modules/pending/discord_voice-1.zip: 19%
2024-08-05T10:41:10.528Z [Modules] Streaming discord_voice@1 to /home/lincolnh/.config/discord/0.0.61/modules/pending/discord_voice-1.zip: 20%
2024-08-05T10:41:10.535Z [Modules] Streaming discord_voice@1 to /home/lincolnh/.config/discord/0.0.61/modules/pending/discord_voice-1.zip: 21%
2024-08-05T10:41:10.540Z [Modules] Streaming discord_voice@1 to /home/lincolnh/.config/discord/0.0.61/modules/pending/discord_voice-1.zip: 22%
2024-08-05T10:41:10.545Z [Modules] Streaming discord_voice@1 to /home/lincolnh/.config/discord/0.0.61/modules/pending/discord_voice-1.zip: 23%
2024-08-05T10:41:10.551Z [Modules] Streaming discord_voice@1 to /home/lincolnh/.config/discord/0.0.61/modules/pending/discord_voice-1.zip: 24%
2024-08-05T10:41:10.554Z [Modules] Streaming discord_voice@1 to /home/lincolnh/.config/discord/0.0.61/modules/pending/discord_voice-1.zip: 25%
2024-08-05T10:41:10.558Z [Modules] Streaming discord_voice@1 to /home/lincolnh/.config/discord/0.0.61/modules/pending/discord_voice-1.zip: 26%
2024-08-05T10:41:10.567Z [Modules] Streaming discord_voice@1 to /home/lincolnh/.config/discord/0.0.61/modules/pending/discord_voice-1.zip: 27%
2024-08-05T10:41:10.572Z [Modules] Streaming discord_voice@1 to /home/lincolnh/.config/discord/0.0.61/modules/pending/discord_voice-1.zip: 28%
2024-08-05T10:41:10.575Z [Modules] Streaming discord_voice@1 to /home/lincolnh/.config/discord/0.0.61/modules/pending/discord_voice-1.zip: 29%
2024-08-05T10:41:10.577Z [Modules] Streaming discord_voice@1 to /home/lincolnh/.config/discord/0.0.61/modules/pending/discord_voice-1.zip: 30%
2024-08-05T10:41:10.581Z [Modules] Streaming discord_voice@1 to /home/lincolnh/.config/discord/0.0.61/modules/pending/discord_voice-1.zip: 31%
2024-08-05T10:41:10.648Z [Modules] Streaming discord_voice@1 to /home/lincolnh/.config/discord/0.0.61/modules/pending/discord_voice-1.zip: 32%
2024-08-05T10:41:10.658Z [Modules] Streaming discord_voice@1 to /home/lincolnh/.config/discord/0.0.61/modules/pending/discord_voice-1.zip: 33%
2024-08-05T10:41:10.667Z [Modules] Streaming discord_voice@1 to /home/lincolnh/.config/discord/0.0.61/modules/pending/discord_voice-1.zip: 34%
2024-08-05T10:41:10.670Z [Modules] Streaming discord_voice@1 to /home/lincolnh/.config/discord/0.0.61/modules/pending/discord_voice-1.zip: 35%
2024-08-05T10:41:10.676Z [Modules] Streaming discord_voice@1 to /home/lincolnh/.config/discord/0.0.61/modules/pending/discord_voice-1.zip: 36%
2024-08-05T10:41:10.684Z [Modules] Streaming discord_voice@1 to /home/lincolnh/.config/discord/0.0.61/modules/pending/discord_voice-1.zip: 37%
2024-08-05T10:41:10.688Z [Modules] Streaming discord_voice@1 to /home/lincolnh/.config/discord/0.0.61/modules/pending/discord_voice-1.zip: 38%
2024-08-05T10:41:10.694Z [Modules] Streaming discord_voice@1 to /home/lincolnh/.config/discord/0.0.61/modules/pending/discord_voice-1.zip: 39%
2024-08-05T10:41:10.714Z [Modules] Streaming discord_voice@1 to /home/lincolnh/.config/discord/0.0.61/modules/pending/discord_voice-1.zip: 40%
2024-08-05T10:41:10.717Z [Modules] Streaming discord_voice@1 to /home/lincolnh/.config/discord/0.0.61/modules/pending/discord_voice-1.zip: 41%
2024-08-05T10:41:10.720Z [Modules] Streaming discord_voice@1 to /home/lincolnh/.config/discord/0.0.61/modules/pending/discord_voice-1.zip: 42%
2024-08-05T10:41:10.723Z [Modules] Streaming discord_voice@1 to /home/lincolnh/.config/discord/0.0.61/modules/pending/discord_voice-1.zip: 43%
2024-08-05T10:41:10.726Z [Modules] Streaming discord_voice@1 to /home/lincolnh/.config/discord/0.0.61/modules/pending/discord_voice-1.zip: 44%
2024-08-05T10:41:10.729Z [Modules] Streaming discord_voice@1 to /home/lincolnh/.config/discord/0.0.61/modules/pending/discord_voice-1.zip: 45%
2024-08-05T10:41:10.733Z [Modules] Streaming discord_voice@1 to /home/lincolnh/.config/discord/0.0.61/modules/pending/discord_voice-1.zip: 46%
2024-08-05T10:41:10.735Z [Modules] Streaming discord_voice@1 to /home/lincolnh/.config/discord/0.0.61/modules/pending/discord_voice-1.zip: 47%
2024-08-05T10:41:10.796Z [Modules] Streaming discord_voice@1 to /home/lincolnh/.config/discord/0.0.61/modules/pending/discord_voice-1.zip: 48%
2024-08-05T10:41:10.804Z [Modules] Streaming discord_voice@1 to /home/lincolnh/.config/discord/0.0.61/modules/pending/discord_voice-1.zip: 49%
2024-08-05T10:41:10.814Z [Modules] Streaming discord_voice@1 to /home/lincolnh/.config/discord/0.0.61/modules/pending/discord_voice-1.zip: 50%
2024-08-05T10:41:10.817Z [Modules] Streaming discord_voice@1 to /home/lincolnh/.config/discord/0.0.61/modules/pending/discord_voice-1.zip: 51%
2024-08-05T10:41:10.823Z [Modules] Streaming discord_voice@1 to /home/lincolnh/.config/discord/0.0.61/modules/pending/discord_voice-1.zip: 52%
2024-08-05T10:41:10.860Z [Modules] Streaming discord_voice@1 to /home/lincolnh/.config/discord/0.0.61/modules/pending/discord_voice-1.zip: 53%
2024-08-05T10:41:10.863Z [Modules] Streaming discord_voice@1 to /home/lincolnh/.config/discord/0.0.61/modules/pending/discord_voice-1.zip: 54%
2024-08-05T10:41:10.866Z [Modules] Streaming discord_voice@1 to /home/lincolnh/.config/discord/0.0.61/modules/pending/discord_voice-1.zip: 55%
2024-08-05T10:41:10.869Z [Modules] Streaming discord_voice@1 to /home/lincolnh/.config/discord/0.0.61/modules/pending/discord_voice-1.zip: 56%
2024-08-05T10:41:10.872Z [Modules] Streaming discord_voice@1 to /home/lincolnh/.config/discord/0.0.61/modules/pending/discord_voice-1.zip: 57%
2024-08-05T10:41:10.876Z [Modules] Streaming discord_voice@1 to /home/lincolnh/.config/discord/0.0.61/modules/pending/discord_voice-1.zip: 58%
2024-08-05T10:41:10.878Z [Modules] Streaming discord_voice@1 to /home/lincolnh/.config/discord/0.0.61/modules/pending/discord_voice-1.zip: 59%
2024-08-05T10:41:10.882Z [Modules] Streaming discord_voice@1 to /home/lincolnh/.config/discord/0.0.61/modules/pending/discord_voice-1.zip: 60%
2024-08-05T10:41:10.885Z [Modules] Streaming discord_voice@1 to /home/lincolnh/.config/discord/0.0.61/modules/pending/discord_voice-1.zip: 61%
2024-08-05T10:41:10.889Z [Modules] Streaming discord_voice@1 to /home/lincolnh/.config/discord/0.0.61/modules/pending/discord_voice-1.zip: 62%
2024-08-05T10:41:10.940Z [Modules] Streaming discord_voice@1 to /home/lincolnh/.config/discord/0.0.61/modules/pending/discord_voice-1.zip: 63%
2024-08-05T10:41:10.946Z [Modules] Streaming discord_voice@1 to /home/lincolnh/.config/discord/0.0.61/modules/pending/discord_voice-1.zip: 64%
2024-08-05T10:41:10.954Z [Modules] Streaming discord_voice@1 to /home/lincolnh/.config/discord/0.0.61/modules/pending/discord_voice-1.zip: 65%
2024-08-05T10:41:11.006Z [Modules] Streaming discord_voice@1 to /home/lincolnh/.config/discord/0.0.61/modules/pending/discord_voice-1.zip: 66%
2024-08-05T10:41:11.023Z [Modules] Streaming discord_voice@1 to /home/lincolnh/.config/discord/0.0.61/modules/pending/discord_voice-1.zip: 67%
2024-08-05T10:41:11.033Z [Modules] Streaming discord_voice@1 to /home/lincolnh/.config/discord/0.0.61/modules/pending/discord_voice-1.zip: 68%
2024-08-05T10:41:11.035Z [Modules] Streaming discord_voice@1 to /home/lincolnh/.config/discord/0.0.61/modules/pending/discord_voice-1.zip: 69%
2024-08-05T10:41:11.038Z [Modules] Streaming discord_voice@1 to /home/lincolnh/.config/discord/0.0.61/modules/pending/discord_voice-1.zip: 70%
2024-08-05T10:41:11.043Z [Modules] Streaming discord_voice@1 to /home/lincolnh/.config/discord/0.0.61/modules/pending/discord_voice-1.zip: 71%
2024-08-05T10:41:11.046Z [Modules] Streaming discord_voice@1 to /home/lincolnh/.config/discord/0.0.61/modules/pending/discord_voice-1.zip: 72%
2024-08-05T10:41:11.049Z [Modules] Streaming discord_voice@1 to /home/lincolnh/.config/discord/0.0.61/modules/pending/discord_voice-1.zip: 73%
2024-08-05T10:41:11.052Z [Modules] Streaming discord_voice@1 to /home/lincolnh/.config/discord/0.0.61/modules/pending/discord_voice-1.zip: 74%
2024-08-05T10:41:11.056Z [Modules] Streaming discord_voice@1 to /home/lincolnh/.config/discord/0.0.61/modules/pending/discord_voice-1.zip: 75%
2024-08-05T10:41:11.058Z [Modules] Streaming discord_voice@1 to /home/lincolnh/.config/discord/0.0.61/modules/pending/discord_voice-1.zip: 76%
2024-08-05T10:41:11.062Z [Modules] Streaming discord_voice@1 to /home/lincolnh/.config/discord/0.0.61/modules/pending/discord_voice-1.zip: 77%
2024-08-05T10:41:11.065Z [Modules] Streaming discord_voice@1 to /home/lincolnh/.config/discord/0.0.61/modules/pending/discord_voice-1.zip: 78%
2024-08-05T10:41:11.152Z [Modules] Streaming discord_voice@1 to /home/lincolnh/.config/discord/0.0.61/modules/pending/discord_voice-1.zip: 79%
2024-08-05T10:41:11.155Z [Modules] Streaming discord_voice@1 to /home/lincolnh/.config/discord/0.0.61/modules/pending/discord_voice-1.zip: 80%
2024-08-05T10:41:11.162Z [Modules] Streaming discord_voice@1 to /home/lincolnh/.config/discord/0.0.61/modules/pending/discord_voice-1.zip: 81%
2024-08-05T10:41:11.165Z [Modules] Streaming discord_voice@1 to /home/lincolnh/.config/discord/0.0.61/modules/pending/discord_voice-1.zip: 82%
2024-08-05T10:41:11.170Z [Modules] Streaming discord_voice@1 to /home/lincolnh/.config/discord/0.0.61/modules/pending/discord_voice-1.zip: 83%
2024-08-05T10:41:11.180Z [Modules] Streaming discord_voice@1 to /home/lincolnh/.config/discord/0.0.61/modules/pending/discord_voice-1.zip: 84%
2024-08-05T10:41:11.184Z [Modules] Streaming discord_voice@1 to /home/lincolnh/.config/discord/0.0.61/modules/pending/discord_voice-1.zip: 85%
2024-08-05T10:41:11.187Z [Modules] Streaming discord_voice@1 to /home/lincolnh/.config/discord/0.0.61/modules/pending/discord_voice-1.zip: 86%
2024-08-05T10:41:11.191Z [Modules] Streaming discord_voice@1 to /home/lincolnh/.config/discord/0.0.61/modules/pending/discord_voice-1.zip: 87%
2024-08-05T10:41:11.198Z [Modules] Streaming discord_voice@1 to /home/lincolnh/.config/discord/0.0.61/modules/pending/discord_voice-1.zip: 88%
2024-08-05T10:41:11.202Z [Modules] Streaming discord_voice@1 to /home/lincolnh/.config/discord/0.0.61/modules/pending/discord_voice-1.zip: 89%
2024-08-05T10:41:11.205Z [Modules] Streaming discord_voice@1 to /home/lincolnh/.config/discord/0.0.61/modules/pending/discord_voice-1.zip: 90%
2024-08-05T10:41:11.208Z [Modules] Streaming discord_voice@1 to /home/lincolnh/.config/discord/0.0.61/modules/pending/discord_voice-1.zip: 91%
2024-08-05T10:41:11.212Z [Modules] Streaming discord_voice@1 to /home/lincolnh/.config/discord/0.0.61/modules/pending/discord_voice-1.zip: 92%
2024-08-05T10:41:11.302Z [Modules] Streaming discord_voice@1 to /home/lincolnh/.config/discord/0.0.61/modules/pending/discord_voice-1.zip: 93%
2024-08-05T10:41:11.313Z [Modules] Streaming discord_voice@1 to /home/lincolnh/.config/discord/0.0.61/modules/pending/discord_voice-1.zip: 94%
2024-08-05T10:41:11.323Z [Modules] Streaming discord_voice@1 to /home/lincolnh/.config/discord/0.0.61/modules/pending/discord_voice-1.zip: 95%
2024-08-05T10:41:11.329Z [Modules] Streaming discord_voice@1 to /home/lincolnh/.config/discord/0.0.61/modules/pending/discord_voice-1.zip: 96%
2024-08-05T10:41:11.332Z [Modules] Streaming discord_voice@1 to /home/lincolnh/.config/discord/0.0.61/modules/pending/discord_voice-1.zip: 97%
2024-08-05T10:41:11.339Z [Modules] Streaming discord_voice@1 to /home/lincolnh/.config/discord/0.0.61/modules/pending/discord_voice-1.zip: 98%
2024-08-05T10:41:11.343Z [Modules] Streaming discord_voice@1 to /home/lincolnh/.config/discord/0.0.61/modules/pending/discord_voice-1.zip: 99%
2024-08-05T10:41:11.354Z [Modules] Streaming discord_voice@1 to /home/lincolnh/.config/discord/0.0.61/modules/pending/discord_voice-1.zip: 100%
2024-08-05T10:41:11.355Z [Modules] Fetching discord_zstd@1 from https://discord.com/api/modules/stable/discord_zstd/1
2024-08-05T10:41:11.355Z [Modules] Streaming discord_zstd@1 to /home/lincolnh/.config/discord/0.0.61/modules/pending/discord_zstd-1.zip
2024-08-05T10:41:11.851Z [Modules] Streaming discord_zstd@1 to /home/lincolnh/.config/discord/0.0.61/modules/pending/discord_zstd-1.zip: 16%
2024-08-05T10:41:11.852Z [Modules] Streaming discord_zstd@1 to /home/lincolnh/.config/discord/0.0.61/modules/pending/discord_zstd-1.zip: 19%
2024-08-05T10:41:11.852Z [Modules] Streaming discord_zstd@1 to /home/lincolnh/.config/discord/0.0.61/modules/pending/discord_zstd-1.zip: 35%
2024-08-05T10:41:11.853Z [Modules] Streaming discord_zstd@1 to /home/lincolnh/.config/discord/0.0.61/modules/pending/discord_zstd-1.zip: 43%
2024-08-05T10:41:11.854Z [Modules] Streaming discord_zstd@1 to /home/lincolnh/.config/discord/0.0.61/modules/pending/discord_zstd-1.zip: 60%
2024-08-05T10:41:11.855Z [Modules] Streaming discord_zstd@1 to /home/lincolnh/.config/discord/0.0.61/modules/pending/discord_zstd-1.zip: 63%
2024-08-05T10:41:11.858Z [Modules] Streaming discord_zstd@1 to /home/lincolnh/.config/discord/0.0.61/modules/pending/discord_zstd-1.zip: 79%
2024-08-05T10:41:11.858Z [Modules] Streaming discord_zstd@1 to /home/lincolnh/.config/discord/0.0.61/modules/pending/discord_zstd-1.zip: 95%
2024-08-05T10:41:11.859Z [Modules] Streaming discord_zstd@1 to /home/lincolnh/.config/discord/0.0.61/modules/pending/discord_zstd-1.zip: 100%
2024-08-05T10:41:11.860Z [Modules] Finished module downloads. [success: 6] [failure: 0]
2024-08-05T10:41:11.860Z [Modules] Installing updates...
2024-08-05T10:41:11.860Z [Modules] Installing discord_desktop_core@1 from /home/lincolnh/.config/discord/0.0.61/modules/pending/discord_desktop_core-1.zip
2024-08-05T10:41:11.945Z [Modules] Installing discord_erlpack@1 from /home/lincolnh/.config/discord/0.0.61/modules/pending/discord_erlpack-1.zip
2024-08-05T10:41:11.984Z [Modules] Installing discord_spellcheck@1 from /home/lincolnh/.config/discord/0.0.61/modules/pending/discord_spellcheck-1.zip
2024-08-05T10:41:12.419Z [Modules] Installing discord_utils@1 from /home/lincolnh/.config/discord/0.0.61/modules/pending/discord_utils-1.zip
2024-08-05T10:41:12.502Z [Modules] Installing discord_voice@1 from /home/lincolnh/.config/discord/0.0.61/modules/pending/discord_voice-1.zip
2024-08-05T10:41:12.875Z [Modules] Installing discord_zstd@1 from /home/lincolnh/.config/discord/0.0.61/modules/pending/discord_zstd-1.zip
2024-08-05T10:41:12.882Z [Modules] Finished module installations. [success: 6] [failure: 0]
2024-08-05T10:41:12.882Z [Modules] Host is up to date.
2024-08-05T10:41:12.882Z [Modules] Checking for module updates at https://discord.com/api/modules/stable/versions.json
2024-08-05T10:41:12.885Z [Modules] No module updates available.
2024-08-05T10:41:14.102Z [Modules] Starting to install discord_krisp...
2024-08-05T10:41:14.102Z [Modules] Fetching discord_krisp@1 from https://discord.com/api/modules/stable/discord_krisp/1
2024-08-05T10:41:14.103Z [Modules] Streaming discord_krisp@1 to /home/lincolnh/.config/discord/0.0.61/modules/pending/discord_krisp-1.zip
2024-08-05T10:41:14.108Z [Modules] Starting to install discord_game_utils...
2024-08-05T10:41:14.602Z [Modules] Streaming discord_krisp@1 to /home/lincolnh/.config/discord/0.0.61/modules/pending/discord_krisp-1.zip: 1%
2024-08-05T10:41:14.605Z [Modules] Streaming discord_krisp@1 to /home/lincolnh/.config/discord/0.0.61/modules/pending/discord_krisp-1.zip: 2%
2024-08-05T10:41:14.609Z [Modules] Streaming discord_krisp@1 to /home/lincolnh/.config/discord/0.0.61/modules/pending/discord_krisp-1.zip: 3%
2024-08-05T10:41:14.616Z [Modules] Streaming discord_krisp@1 to /home/lincolnh/.config/discord/0.0.61/modules/pending/discord_krisp-1.zip: 4%
2024-08-05T10:41:14.619Z [Modules] Streaming discord_krisp@1 to /home/lincolnh/.config/discord/0.0.61/modules/pending/discord_krisp-1.zip: 5%
2024-08-05T10:41:14.624Z [Modules] Host is up to date.
2024-08-05T10:41:14.624Z [Modules] Checking for module updates at https://discord.com/api/modules/stable/versions.json
2024-08-05T10:41:14.626Z [Modules] Streaming discord_krisp@1 to /home/lincolnh/.config/discord/0.0.61/modules/pending/discord_krisp-1.zip: 6%
2024-08-05T10:41:14.626Z [Modules] No module updates available.
2024-08-05T10:41:14.633Z [Modules] Streaming discord_krisp@1 to /home/lincolnh/.config/discord/0.0.61/modules/pending/discord_krisp-1.zip: 7%
2024-08-05T10:41:14.639Z [Modules] Streaming discord_krisp@1 to /home/lincolnh/.config/discord/0.0.61/modules/pending/discord_krisp-1.zip: 8%
2024-08-05T10:41:14.646Z [Modules] Streaming discord_krisp@1 to /home/lincolnh/.config/discord/0.0.61/modules/pending/discord_krisp-1.zip: 9%
2024-08-05T10:41:14.650Z [Modules] Streaming discord_krisp@1 to /home/lincolnh/.config/discord/0.0.61/modules/pending/discord_krisp-1.zip: 10%
2024-08-05T10:41:14.663Z [Modules] Streaming discord_krisp@1 to /home/lincolnh/.config/discord/0.0.61/modules/pending/discord_krisp-1.zip: 11%
2024-08-05T10:41:14.665Z [Modules] Streaming discord_krisp@1 to /home/lincolnh/.config/discord/0.0.61/modules/pending/discord_krisp-1.zip: 12%
2024-08-05T10:41:14.706Z [Modules] Starting to install discord_rpc...
2024-08-05T10:41:14.822Z [Modules] Streaming discord_krisp@1 to /home/lincolnh/.config/discord/0.0.61/modules/pending/discord_krisp-1.zip: 14%
2024-08-05T10:41:14.825Z [Modules] Streaming discord_krisp@1 to /home/lincolnh/.config/discord/0.0.61/modules/pending/discord_krisp-1.zip: 15%
2024-08-05T10:41:14.828Z [Modules] Streaming discord_krisp@1 to /home/lincolnh/.config/discord/0.0.61/modules/pending/discord_krisp-1.zip: 16%
2024-08-05T10:41:14.831Z [Modules] Streaming discord_krisp@1 to /home/lincolnh/.config/discord/0.0.61/modules/pending/discord_krisp-1.zip: 17%
2024-08-05T10:41:14.834Z [Modules] Streaming discord_krisp@1 to /home/lincolnh/.config/discord/0.0.61/modules/pending/discord_krisp-1.zip: 18%
2024-08-05T10:41:14.843Z [Modules] Streaming discord_krisp@1 to /home/lincolnh/.config/discord/0.0.61/modules/pending/discord_krisp-1.zip: 19%
2024-08-05T10:41:14.846Z [Modules] Streaming discord_krisp@1 to /home/lincolnh/.config/discord/0.0.61/modules/pending/discord_krisp-1.zip: 20%
2024-08-05T10:41:14.900Z [Modules] Streaming discord_krisp@1 to /home/lincolnh/.config/discord/0.0.61/modules/pending/discord_krisp-1.zip: 25%
2024-08-05T10:41:15.030Z [Modules] Streaming discord_krisp@1 to /home/lincolnh/.config/discord/0.0.61/modules/pending/discord_krisp-1.zip: 26%
2024-08-05T10:41:15.033Z [Modules] Streaming discord_krisp@1 to /home/lincolnh/.config/discord/0.0.61/modules/pending/discord_krisp-1.zip: 27%
2024-08-05T10:41:15.036Z [Modules] Streaming discord_krisp@1 to /home/lincolnh/.config/discord/0.0.61/modules/pending/discord_krisp-1.zip: 28%
2024-08-05T10:41:15.040Z [Modules] Streaming discord_krisp@1 to /home/lincolnh/.config/discord/0.0.61/modules/pending/discord_krisp-1.zip: 29%
2024-08-05T10:41:15.043Z [Modules] Streaming discord_krisp@1 to /home/lincolnh/.config/discord/0.0.61/modules/pending/discord_krisp-1.zip: 30%
2024-08-05T10:41:15.046Z [Modules] Streaming discord_krisp@1 to /home/lincolnh/.config/discord/0.0.61/modules/pending/discord_krisp-1.zip: 31%
2024-08-05T10:41:15.055Z [Modules] Streaming discord_krisp@1 to /home/lincolnh/.config/discord/0.0.61/modules/pending/discord_krisp-1.zip: 32%
2024-08-05T10:41:15.058Z [Modules] Streaming discord_krisp@1 to /home/lincolnh/.config/discord/0.0.61/modules/pending/discord_krisp-1.zip: 33%
2024-08-05T10:41:15.061Z [Modules] Streaming discord_krisp@1 to /home/lincolnh/.config/discord/0.0.61/modules/pending/discord_krisp-1.zip: 34%
2024-08-05T10:41:15.064Z [Modules] Streaming discord_krisp@1 to /home/lincolnh/.config/discord/0.0.61/modules/pending/discord_krisp-1.zip: 35%
2024-08-05T10:41:15.067Z [Modules] Streaming discord_krisp@1 to /home/lincolnh/.config/discord/0.0.61/modules/pending/discord_krisp-1.zip: 36%
2024-08-05T10:41:15.070Z [Modules] Streaming discord_krisp@1 to /home/lincolnh/.config/discord/0.0.61/modules/pending/discord_krisp-1.zip: 37%
2024-08-05T10:41:15.074Z [Modules] Streaming discord_krisp@1 to /home/lincolnh/.config/discord/0.0.61/modules/pending/discord_krisp-1.zip: 38%
2024-08-05T10:41:15.077Z [Modules] Streaming discord_krisp@1 to /home/lincolnh/.config/discord/0.0.61/modules/pending/discord_krisp-1.zip: 39%
2024-08-05T10:41:15.246Z [Modules] Streaming discord_krisp@1 to /home/lincolnh/.config/discord/0.0.61/modules/pending/discord_krisp-1.zip: 40%
2024-08-05T10:41:15.250Z [Modules] Streaming discord_krisp@1 to /home/lincolnh/.config/discord/0.0.61/modules/pending/discord_krisp-1.zip: 41%
2024-08-05T10:41:15.254Z [Modules] Streaming discord_krisp@1 to /home/lincolnh/.config/discord/0.0.61/modules/pending/discord_krisp-1.zip: 42%
2024-08-05T10:41:15.278Z [Modules] Streaming discord_krisp@1 to /home/lincolnh/.config/discord/0.0.61/modules/pending/discord_krisp-1.zip: 43%
2024-08-05T10:41:15.298Z [Modules] Streaming discord_krisp@1 to /home/lincolnh/.config/discord/0.0.61/modules/pending/discord_krisp-1.zip: 44%
2024-08-05T10:41:15.303Z [Modules] Streaming discord_krisp@1 to /home/lincolnh/.config/discord/0.0.61/modules/pending/discord_krisp-1.zip: 45%
2024-08-05T10:41:15.307Z [Modules] Streaming discord_krisp@1 to /home/lincolnh/.config/discord/0.0.61/modules/pending/discord_krisp-1.zip: 46%
2024-08-05T10:41:15.315Z [Modules] Streaming discord_krisp@1 to /home/lincolnh/.config/discord/0.0.61/modules/pending/discord_krisp-1.zip: 47%
2024-08-05T10:41:15.318Z [Modules] Streaming discord_krisp@1 to /home/lincolnh/.config/discord/0.0.61/modules/pending/discord_krisp-1.zip: 48%
2024-08-05T10:41:15.325Z [Modules] Streaming discord_krisp@1 to /home/lincolnh/.config/discord/0.0.61/modules/pending/discord_krisp-1.zip: 49%
2024-08-05T10:41:15.330Z [Modules] Streaming discord_krisp@1 to /home/lincolnh/.config/discord/0.0.61/modules/pending/discord_krisp-1.zip: 50%
2024-08-05T10:41:15.333Z [Modules] Streaming discord_krisp@1 to /home/lincolnh/.config/discord/0.0.61/modules/pending/discord_krisp-1.zip: 51%
2024-08-05T10:41:15.339Z [Modules] Streaming discord_krisp@1 to /home/lincolnh/.config/discord/0.0.61/modules/pending/discord_krisp-1.zip: 52%
2024-08-05T10:41:15.347Z [Modules] Streaming discord_krisp@1 to /home/lincolnh/.config/discord/0.0.61/modules/pending/discord_krisp-1.zip: 53%
2024-08-05T10:41:15.352Z [Modules] Streaming discord_krisp@1 to /home/lincolnh/.config/discord/0.0.61/modules/pending/discord_krisp-1.zip: 54%
2024-08-05T10:41:15.362Z [Modules] Streaming discord_krisp@1 to /home/lincolnh/.config/discord/0.0.61/modules/pending/discord_krisp-1.zip: 55%
2024-08-05T10:41:15.516Z [Modules] Streaming discord_krisp@1 to /home/lincolnh/.config/discord/0.0.61/modules/pending/discord_krisp-1.zip: 56%
2024-08-05T10:41:15.520Z [Modules] Streaming discord_krisp@1 to /home/lincolnh/.config/discord/0.0.61/modules/pending/discord_krisp-1.zip: 57%
2024-08-05T10:41:15.523Z [Modules] Streaming discord_krisp@1 to /home/lincolnh/.config/discord/0.0.61/modules/pending/discord_krisp-1.zip: 58%
2024-08-05T10:41:15.532Z [Modules] Streaming discord_krisp@1 to /home/lincolnh/.config/discord/0.0.61/modules/pending/discord_krisp-1.zip: 59%
2024-08-05T10:41:15.535Z [Modules] Streaming discord_krisp@1 to /home/lincolnh/.config/discord/0.0.61/modules/pending/discord_krisp-1.zip: 60%
2024-08-05T10:41:15.538Z [Modules] Streaming discord_krisp@1 to /home/lincolnh/.config/discord/0.0.61/modules/pending/discord_krisp-1.zip: 61%
2024-08-05T10:41:15.542Z [Modules] Streaming discord_krisp@1 to /home/lincolnh/.config/discord/0.0.61/modules/pending/discord_krisp-1.zip: 62%
2024-08-05T10:41:15.544Z [Modules] Streaming discord_krisp@1 to /home/lincolnh/.config/discord/0.0.61/modules/pending/discord_krisp-1.zip: 63%
2024-08-05T10:41:15.549Z [Modules] Streaming discord_krisp@1 to /home/lincolnh/.config/discord/0.0.61/modules/pending/discord_krisp-1.zip: 64%
2024-08-05T10:41:15.552Z [Modules] Streaming discord_krisp@1 to /home/lincolnh/.config/discord/0.0.61/modules/pending/discord_krisp-1.zip: 65%
2024-08-05T10:41:15.554Z [Modules] Streaming discord_krisp@1 to /home/lincolnh/.config/discord/0.0.61/modules/pending/discord_krisp-1.zip: 66%
2024-08-05T10:41:15.558Z [Modules] Streaming discord_krisp@1 to /home/lincolnh/.config/discord/0.0.61/modules/pending/discord_krisp-1.zip: 67%
2024-08-05T10:41:15.561Z [Modules] Streaming discord_krisp@1 to /home/lincolnh/.config/discord/0.0.61/modules/pending/discord_krisp-1.zip: 68%
2024-08-05T10:41:15.573Z [Modules] Streaming discord_krisp@1 to /home/lincolnh/.config/discord/0.0.61/modules/pending/discord_krisp-1.zip: 69%
2024-08-05T10:41:15.576Z [Modules] Streaming discord_krisp@1 to /home/lincolnh/.config/discord/0.0.61/modules/pending/discord_krisp-1.zip: 70%
2024-08-05T10:41:15.685Z [Modules] Streaming discord_krisp@1 to /home/lincolnh/.config/discord/0.0.61/modules/pending/discord_krisp-1.zip: 75%
2024-08-05T10:41:15.689Z [Modules] Streaming discord_krisp@1 to /home/lincolnh/.config/discord/0.0.61/modules/pending/discord_krisp-1.zip: 76%
2024-08-05T10:41:15.693Z [Modules] Streaming discord_krisp@1 to /home/lincolnh/.config/discord/0.0.61/modules/pending/discord_krisp-1.zip: 77%
2024-08-05T10:41:15.697Z [Modules] Streaming discord_krisp@1 to /home/lincolnh/.config/discord/0.0.61/modules/pending/discord_krisp-1.zip: 78%
2024-08-05T10:41:15.714Z [Modules] Streaming discord_krisp@1 to /home/lincolnh/.config/discord/0.0.61/modules/pending/discord_krisp-1.zip: 79%
2024-08-05T10:41:15.741Z [Modules] Streaming discord_krisp@1 to /home/lincolnh/.config/discord/0.0.61/modules/pending/discord_krisp-1.zip: 80%
2024-08-05T10:41:15.750Z [Modules] Streaming discord_krisp@1 to /home/lincolnh/.config/discord/0.0.61/modules/pending/discord_krisp-1.zip: 81%
2024-08-05T10:41:15.756Z [Modules] Streaming discord_krisp@1 to /home/lincolnh/.config/discord/0.0.61/modules/pending/discord_krisp-1.zip: 82%
2024-08-05T10:41:15.759Z [Modules] Streaming discord_krisp@1 to /home/lincolnh/.config/discord/0.0.61/modules/pending/discord_krisp-1.zip: 83%
2024-08-05T10:41:15.761Z [Modules] Streaming discord_krisp@1 to /home/lincolnh/.config/discord/0.0.61/modules/pending/discord_krisp-1.zip: 84%
2024-08-05T10:41:15.767Z [Modules] Streaming discord_krisp@1 to /home/lincolnh/.config/discord/0.0.61/modules/pending/discord_krisp-1.zip: 85%
2024-08-05T10:41:15.781Z [Modules] Streaming discord_krisp@1 to /home/lincolnh/.config/discord/0.0.61/modules/pending/discord_krisp-1.zip: 86%
2024-08-05T10:41:15.807Z [Modules] Streaming discord_krisp@1 to /home/lincolnh/.config/discord/0.0.61/modules/pending/discord_krisp-1.zip: 87%
2024-08-05T10:41:15.814Z [Modules] Streaming discord_krisp@1 to /home/lincolnh/.config/discord/0.0.61/modules/pending/discord_krisp-1.zip: 88%
2024-08-05T10:41:15.928Z [Modules] Streaming discord_krisp@1 to /home/lincolnh/.config/discord/0.0.61/modules/pending/discord_krisp-1.zip: 89%
2024-08-05T10:41:15.942Z [Modules] Streaming discord_krisp@1 to /home/lincolnh/.config/discord/0.0.61/modules/pending/discord_krisp-1.zip: 90%
2024-08-05T10:41:15.946Z [Modules] Streaming discord_krisp@1 to /home/lincolnh/.config/discord/0.0.61/modules/pending/discord_krisp-1.zip: 91%
2024-08-05T10:41:15.951Z [Modules] Streaming discord_krisp@1 to /home/lincolnh/.config/discord/0.0.61/modules/pending/discord_krisp-1.zip: 92%
2024-08-05T10:41:15.958Z [Modules] Streaming discord_krisp@1 to /home/lincolnh/.config/discord/0.0.61/modules/pending/discord_krisp-1.zip: 93%
2024-08-05T10:41:15.962Z [Modules] Streaming discord_krisp@1 to /home/lincolnh/.config/discord/0.0.61/modules/pending/discord_krisp-1.zip: 94%
2024-08-05T10:41:15.966Z [Modules] Streaming discord_krisp@1 to /home/lincolnh/.config/discord/0.0.61/modules/pending/discord_krisp-1.zip: 95%
2024-08-05T10:41:15.971Z [Modules] Streaming discord_krisp@1 to /home/lincolnh/.config/discord/0.0.61/modules/pending/discord_krisp-1.zip: 96%
2024-08-05T10:41:15.977Z [Modules] Streaming discord_krisp@1 to /home/lincolnh/.config/discord/0.0.61/modules/pending/discord_krisp-1.zip: 97%
2024-08-05T10:41:15.981Z [Modules] Streaming discord_krisp@1 to /home/lincolnh/.config/discord/0.0.61/modules/pending/discord_krisp-1.zip: 98%
2024-08-05T10:41:15.985Z [Modules] Streaming discord_krisp@1 to /home/lincolnh/.config/discord/0.0.61/modules/pending/discord_krisp-1.zip: 99%
2024-08-05T10:41:15.992Z [Modules] Streaming discord_krisp@1 to /home/lincolnh/.config/discord/0.0.61/modules/pending/discord_krisp-1.zip: 100%
2024-08-05T10:41:15.993Z [Modules] Fetching discord_game_utils@1 from https://discord.com/api/modules/stable/discord_game_utils/1
2024-08-05T10:41:15.993Z [Modules] Streaming discord_game_utils@1 to /home/lincolnh/.config/discord/0.0.61/modules/pending/discord_game_utils-1.zip
2024-08-05T10:41:15.993Z [Modules] Installing discord_krisp@1 from /home/lincolnh/.config/discord/0.0.61/modules/pending/discord_krisp-1.zip
2024-08-05T10:41:16.244Z [Modules] Finished module installations. [success: 1] [failure: 0]
2024-08-05T10:41:16.758Z [Modules] Streaming discord_game_utils@1 to /home/lincolnh/.config/discord/0.0.61/modules/pending/discord_game_utils-1.zip: 2%
2024-08-05T10:41:16.758Z [Modules] Streaming discord_game_utils@1 to /home/lincolnh/.config/discord/0.0.61/modules/pending/discord_game_utils-1.zip: 3%
2024-08-05T10:41:16.759Z [Modules] Streaming discord_game_utils@1 to /home/lincolnh/.config/discord/0.0.61/modules/pending/discord_game_utils-1.zip: 5%
2024-08-05T10:41:16.760Z [Modules] Streaming discord_game_utils@1 to /home/lincolnh/.config/discord/0.0.61/modules/pending/discord_game_utils-1.zip: 8%
2024-08-05T10:41:16.761Z [Modules] Streaming discord_game_utils@1 to /home/lincolnh/.config/discord/0.0.61/modules/pending/discord_game_utils-1.zip: 10%
2024-08-05T10:41:16.762Z [Modules] Streaming discord_game_utils@1 to /home/lincolnh/.config/discord/0.0.61/modules/pending/discord_game_utils-1.zip: 12%
2024-08-05T10:41:16.763Z [Modules] Streaming discord_game_utils@1 to /home/lincolnh/.config/discord/0.0.61/modules/pending/discord_game_utils-1.zip: 15%
2024-08-05T10:41:16.763Z [Modules] Streaming discord_game_utils@1 to /home/lincolnh/.config/discord/0.0.61/modules/pending/discord_game_utils-1.zip: 16%
2024-08-05T10:41:16.764Z [Modules] Streaming discord_game_utils@1 to /home/lincolnh/.config/discord/0.0.61/modules/pending/discord_game_utils-1.zip: 18%
2024-08-05T10:41:16.765Z [Modules] Streaming discord_game_utils@1 to /home/lincolnh/.config/discord/0.0.61/modules/pending/discord_game_utils-1.zip: 21%
2024-08-05T10:41:16.766Z [Modules] Streaming discord_game_utils@1 to /home/lincolnh/.config/discord/0.0.61/modules/pending/discord_game_utils-1.zip: 24%
2024-08-05T10:41:16.766Z [Modules] Streaming discord_game_utils@1 to /home/lincolnh/.config/discord/0.0.61/modules/pending/discord_game_utils-1.zip: 25%
2024-08-05T10:41:16.767Z [Modules] Streaming discord_game_utils@1 to /home/lincolnh/.config/discord/0.0.61/modules/pending/discord_game_utils-1.zip: 27%
2024-08-05T10:41:16.768Z [Modules] Streaming discord_game_utils@1 to /home/lincolnh/.config/discord/0.0.61/modules/pending/discord_game_utils-1.zip: 30%
2024-08-05T10:41:16.769Z [Modules] Streaming discord_game_utils@1 to /home/lincolnh/.config/discord/0.0.61/modules/pending/discord_game_utils-1.zip: 32%
2024-08-05T10:41:16.770Z [Modules] Streaming discord_game_utils@1 to /home/lincolnh/.config/discord/0.0.61/modules/pending/discord_game_utils-1.zip: 34%
2024-08-05T10:41:16.771Z [Modules] Streaming discord_game_utils@1 to /home/lincolnh/.config/discord/0.0.61/modules/pending/discord_game_utils-1.zip: 37%
2024-08-05T10:41:16.771Z [Modules] Streaming discord_game_utils@1 to /home/lincolnh/.config/discord/0.0.61/modules/pending/discord_game_utils-1.zip: 39%
2024-08-05T10:41:16.772Z [Modules] Streaming discord_game_utils@1 to /home/lincolnh/.config/discord/0.0.61/modules/pending/discord_game_utils-1.zip: 41%
2024-08-05T10:41:16.773Z [Modules] Streaming discord_game_utils@1 to /home/lincolnh/.config/discord/0.0.61/modules/pending/discord_game_utils-1.zip: 44%
2024-08-05T10:41:16.775Z [Modules] Streaming discord_game_utils@1 to /home/lincolnh/.config/discord/0.0.61/modules/pending/discord_game_utils-1.zip: 46%
2024-08-05T10:41:16.775Z [Modules] Streaming discord_game_utils@1 to /home/lincolnh/.config/discord/0.0.61/modules/pending/discord_game_utils-1.zip: 48%
2024-08-05T10:41:16.776Z [Modules] Streaming discord_game_utils@1 to /home/lincolnh/.config/discord/0.0.61/modules/pending/discord_game_utils-1.zip: 51%
2024-08-05T10:41:16.777Z [Modules] Streaming discord_game_utils@1 to /home/lincolnh/.config/discord/0.0.61/modules/pending/discord_game_utils-1.zip: 53%
2024-08-05T10:41:16.778Z [Modules] Streaming discord_game_utils@1 to /home/lincolnh/.config/discord/0.0.61/modules/pending/discord_game_utils-1.zip: 56%
2024-08-05T10:41:16.780Z [Modules] Streaming discord_game_utils@1 to /home/lincolnh/.config/discord/0.0.61/modules/pending/discord_game_utils-1.zip: 58%
2024-08-05T10:41:16.781Z [Modules] Streaming discord_game_utils@1 to /home/lincolnh/.config/discord/0.0.61/modules/pending/discord_game_utils-1.zip: 61%
2024-08-05T10:41:16.782Z [Modules] Streaming discord_game_utils@1 to /home/lincolnh/.config/discord/0.0.61/modules/pending/discord_game_utils-1.zip: 64%
2024-08-05T10:41:16.786Z [Modules] Streaming discord_game_utils@1 to /home/lincolnh/.config/discord/0.0.61/modules/pending/discord_game_utils-1.zip: 67%
2024-08-05T10:41:16.787Z [Modules] Streaming discord_game_utils@1 to /home/lincolnh/.config/discord/0.0.61/modules/pending/discord_game_utils-1.zip: 69%
2024-08-05T10:41:16.788Z [Modules] Streaming discord_game_utils@1 to /home/lincolnh/.config/discord/0.0.61/modules/pending/discord_game_utils-1.zip: 71%
2024-08-05T10:41:16.789Z [Modules] Streaming discord_game_utils@1 to /home/lincolnh/.config/discord/0.0.61/modules/pending/discord_game_utils-1.zip: 74%
2024-08-05T10:41:16.789Z [Modules] Streaming discord_game_utils@1 to /home/lincolnh/.config/discord/0.0.61/modules/pending/discord_game_utils-1.zip: 75%
2024-08-05T10:41:16.789Z [Modules] Streaming discord_game_utils@1 to /home/lincolnh/.config/discord/0.0.61/modules/pending/discord_game_utils-1.zip: 76%
2024-08-05T10:41:16.790Z [Modules] Streaming discord_game_utils@1 to /home/lincolnh/.config/discord/0.0.61/modules/pending/discord_game_utils-1.zip: 78%
2024-08-05T10:41:16.791Z [Modules] Streaming discord_game_utils@1 to /home/lincolnh/.config/discord/0.0.61/modules/pending/discord_game_utils-1.zip: 80%
2024-08-05T10:41:16.792Z [Modules] Streaming discord_game_utils@1 to /home/lincolnh/.config/discord/0.0.61/modules/pending/discord_game_utils-1.zip: 83%
2024-08-05T10:41:16.793Z [Modules] Streaming discord_game_utils@1 to /home/lincolnh/.config/discord/0.0.61/modules/pending/discord_game_utils-1.zip: 85%
2024-08-05T10:41:16.794Z [Modules] Streaming discord_game_utils@1 to /home/lincolnh/.config/discord/0.0.61/modules/pending/discord_game_utils-1.zip: 87%
2024-08-05T10:41:16.794Z [Modules] Streaming discord_game_utils@1 to /home/lincolnh/.config/discord/0.0.61/modules/pending/discord_game_utils-1.zip: 90%
2024-08-05T10:41:16.795Z [Modules] Streaming discord_game_utils@1 to /home/lincolnh/.config/discord/0.0.61/modules/pending/discord_game_utils-1.zip: 92%
2024-08-05T10:41:16.796Z [Modules] Streaming discord_game_utils@1 to /home/lincolnh/.config/discord/0.0.61/modules/pending/discord_game_utils-1.zip: 95%
2024-08-05T10:41:16.797Z [Modules] Streaming discord_game_utils@1 to /home/lincolnh/.config/discord/0.0.61/modules/pending/discord_game_utils-1.zip: 97%
2024-08-05T10:41:16.798Z [Modules] Streaming discord_game_utils@1 to /home/lincolnh/.config/discord/0.0.61/modules/pending/discord_game_utils-1.zip: 99%
2024-08-05T10:41:16.798Z [Modules] Streaming discord_game_utils@1 to /home/lincolnh/.config/discord/0.0.61/modules/pending/discord_game_utils-1.zip: 100%
2024-08-05T10:41:16.799Z [Modules] Fetching discord_rpc@1 from https://discord.com/api/modules/stable/discord_rpc/1
2024-08-05T10:41:16.799Z [Modules] Streaming discord_rpc@1 to /home/lincolnh/.config/discord/0.0.61/modules/pending/discord_rpc-1.zip
2024-08-05T10:41:16.800Z [Modules] Installing discord_game_utils@1 from /home/lincolnh/.config/discord/0.0.61/modules/pending/discord_game_utils-1.zip
2024-08-05T10:41:16.852Z [Modules] Finished module installations. [success: 1] [failure: 0]
2024-08-05T10:41:17.512Z [Modules] Streaming discord_rpc@1 to /home/lincolnh/.config/discord/0.0.61/modules/pending/discord_rpc-1.zip: 100%
2024-08-05T10:41:17.513Z [Modules] Finished module downloads. [success: 3] [failure: 0]
2024-08-05T10:41:17.514Z [Modules] Installing discord_rpc@1 from /home/lincolnh/.config/discord/0.0.61/modules/pending/discord_rpc-1.zip
2024-08-05T10:41:17.525Z [Modules] Finished module installations. [success: 1] [failure: 0]
2024-08-05T10:42:09.543Z [Modules] Modules initializing
2024-08-05T10:42:09.543Z [Modules] Distribution: remote
2024-08-05T10:42:09.543Z [Modules] Host updates: disabled
2024-08-05T10:42:09.543Z [Modules] Module updates: enabled
2024-08-05T10:42:09.543Z [Modules] Module install path: /home/lincolnh/.config/discord/0.0.61/modules
2024-08-05T10:42:09.543Z [Modules] Module installed file path: /home/lincolnh/.config/discord/0.0.61/modules/installed.json
2024-08-05T10:42:09.543Z [Modules] Module download path: /home/lincolnh/.config/discord/0.0.61/modules/pending
2024-08-05T10:42:10.287Z [Modules] No updates to install
2024-08-05T10:42:10.287Z [Modules] Host is up to date.
2024-08-05T10:42:10.287Z [Modules] Checking for module updates at https://discord.com/api/modules/stable/versions.json
2024-08-05T10:42:10.300Z [Modules] No module updates available.
2024-08-05T10:42:12.468Z [Modules] Host is up to date.
2024-08-05T10:42:12.469Z [Modules] Checking for module updates at https://discord.com/api/modules/stable/versions.json
2024-08-05T10:42:12.471Z [Modules] No module updates available.
